info|2021-01-26 11:00:00.951312|[g:1][CONSENSUS]addRawPrepare,height=1,reqIdx=0,hash=4329ebd0...,time=0
info|2021-01-26 11:00:00.951605|[g:1][CONSENSUS][PBFT]checkTimeout Succ,view=472,toView=473,nodeIdx=1,changeCycle=1,myNode=a4a06f35...,timecost=0.252
info|2021-01-26 11:00:00.952474|[g:1][CONSENSUS][PBFT]checkAndChangeView: Reach consensus,org_view=472,cur_changeCycle=1,curView=472,view=473
info|2021-01-26 11:00:01.960356|[g:1][CONSENSUS][SEALER]++++++++++++++++ Generating seal on,blkNum=1,tx=0,nodeIdx=1,hash=3d2e2290...
info|2021-01-26 11:00:01.962629|[g:1][CONSENSUS][PBFT]checkTimeout Succ,view=473,toView=474,nodeIdx=1,changeCycle=1,myNode=a4a06f35...,timecost=0.217
info|2021-01-26 11:00:01.963018|[g:1][CONSENSUS][PBFT]checkAndChangeView: Reach consensus,org_view=473,cur_changeCycle=1,curView=473,view=474
info|2021-01-26 11:00:02.478354|[P2P][Service] heartBeat,connected count=3
info|2021-01-26 11:00:02.965018|[g:1][CONSENSUS]addRawPrepare,height=1,reqIdx=2,hash=542c1045...,time=0
info|2021-01-26 11:00:02.965299|[g:1][CONSENSUS][PBFT]checkTimeout Succ,view=474,toView=475,nodeIdx=1,changeCycle=1,myNode=a4a06f35...,timecost=0.247
info|2021-01-26 11:00:02.966157|[g:1][CONSENSUS][PBFT]checkAndChangeView: Reach consensus,org_view=474,cur_changeCycle=1,curView=474,view=475
info|2021-01-26 11:00:03.973204|[g:1][CONSENSUS]addRawPrepare,height=1,reqIdx=3,hash=85579ecf...,time=0
info|2021-01-26 11:00:03.973502|[g:1][CONSENSUS][PBFT]checkTimeout Succ,view=475,toView=476,nodeIdx=1,changeCycle=1,myNode=a4a06f35...,timecost=0.257
info|2021-01-26 11:00:03.974304|[g:1][CONSENSUS][PBFT]checkAndChangeView: Reach consensus,org_view=475,cur_changeCycle=1,curView=475,view=476
info|2021-01-26 11:00:04.984949|[g:1][CONSENSUS]addRawPrepare,height=1,reqIdx=0,hash=5a525347...,time=0
info|2021-01-26 11:00:04.985402|[g:1][CONSENSUS][PBFT]checkTimeout Succ,view=476,toView=477,nodeIdx=1,changeCycle=1,myNode=a4a06f35...,timecost=0.35
info|2021-01-26 11:00:04.987015|[g:1][CONSENSUS][PBFT]checkAndChangeView: Reach consensus,org_view=476,cur_changeCycle=1,curView=476,view=477
info|2021-01-26 11:00:05.988408|[g:1][CONSENSUS][SEALER]++++++++++++++++ Generating seal on,blkNum=1,tx=0,nodeIdx=1,hash=17c8b343...
info|2021-01-26 11:00:05.988961|[g:1][CONSENSUS][PBFT]checkTimeout Succ,view=477,toView=478,nodeIdx=1,changeCycle=1,myNode=a4a06f35...,timecost=0.266
info|2021-01-26 11:00:05.990803|[g:1][CONSENSUS][PBFT]checkAndChangeView: Reach consensus,org_view=477,cur_changeCycle=1,curView=477,view=478
info|2021-01-26 11:00:07.004309|[g:1][CONSENSUS]addRawPrepare,height=1,reqIdx=2,hash=69a61a3f...,time=0
info|2021-01-26 11:00:07.004532|[g:1][CONSENSUS][PBFT]checkTimeout Succ,view=478,toView=479,nodeIdx=1,changeCycle=1,myNode=a4a06f35...,timecost=0.178
info|2021-01-26 11:00:07.005540|[g:1][CONSENSUS][PBFT]checkAndChangeView: Reach consensus,org_view=478,cur_changeCycle=1,curView=478,view=479
info|2021-01-26 11:00:08.009648|[g:1][CONSENSUS]addRawPrepare,height=1,reqIdx=3,hash=0ac37de9...,time=0
info|2021-01-26 11:00:08.009931|[g:1][CONSENSUS][PBFT]checkTimeout Succ,view=479,toView=480,nodeIdx=1,changeCycle=1,myNode=a4a06f35...,timecost=0.243
info|2021-01-26 11:00:08.010994|[g:1][CONSENSUS][PBFT]checkAndChangeView: Reach consensus,org_view=479,cur_changeCycle=1,curView=479,view=480
info|2021-01-26 11:00:09.028704|[g:1][CONSENSUS]addRawPrepare,height=1,reqIdx=0,hash=661d1467...,time=0
info|2021-01-26 11:00:09.029065|[g:1][CONSENSUS][PBFT]checkTimeout Succ,view=480,toView=481,nodeIdx=1,changeCycle=1,myNode=a4a06f35...,timecost=0.319
info|2021-01-26 11:00:09.029958|[g:1][CONSENSUS][PBFT]checkAndChangeView: Reach consensus,org_view=480,cur_changeCycle=1,curView=480,view=481
info|2021-01-26 11:00:10.034218|[g:1][CONSENSUS][SEALER]++++++++++++++++ Generating seal on,blkNum=1,tx=0,nodeIdx=1,hash=320d7e38...
info|2021-01-26 11:00:10.036680|[g:1][CONSENSUS][PBFT]checkTimeout Succ,view=481,toView=482,nodeIdx=1,changeCycle=1,myNode=a4a06f35...,timecost=0.261
info|2021-01-26 11:00:10.037061|[g:1][CONSENSUS][PBFT]checkAndChangeView: Reach consensus,org_view=481,cur_changeCycle=1,curView=481,view=482
info|2021-01-26 11:00:11.048176|[g:1][CONSENSUS]addRawPrepare,height=1,reqIdx=2,hash=2cce8115...,time=0
info|2021-01-26 11:00:11.048581|[g:1][CONSENSUS][PBFT]checkTimeout Succ,view=482,toView=483,nodeIdx=1,changeCycle=1,myNode=a4a06f35...,timecost=0.362
info|2021-01-26 11:00:11.050049|[g:1][CONSENSUS][PBFT]checkAndChangeView: Reach consensus,org_view=482,cur_changeCycle=1,curView=482,view=483
info|2021-01-26 11:00:12.056110|[g:1][CONSENSUS]addRawPrepare,height=1,reqIdx=3,hash=58ca43e2...,time=0
info|2021-01-26 11:00:12.056383|[g:1][CONSENSUS][PBFT]checkTimeout Succ,view=483,toView=484,nodeIdx=1,changeCycle=1,myNode=a4a06f35...,timecost=0.23
info|2021-01-26 11:00:12.057552|[g:1][CONSENSUS][PBFT]checkAndChangeView: Reach consensus,org_view=483,cur_changeCycle=1,curView=483,view=484
info|2021-01-26 11:00:12.478525|[P2P][Service] heartBeat,connected count=3
info|2021-01-26 11:00:13.064326|[g:1][CONSENSUS]addRawPrepare,height=1,reqIdx=0,hash=25418b30...,time=0
info|2021-01-26 11:00:13.064624|[g:1][CONSENSUS][PBFT]checkTimeout Succ,view=484,toView=485,nodeIdx=1,changeCycle=1,myNode=a4a06f35...,timecost=0.263
info|2021-01-26 11:00:13.065667|[g:1][CONSENSUS][PBFT]checkAndChangeView: Reach consensus,org_view=484,cur_changeCycle=1,curView=484,view=485
info|2021-01-26 11:00:14.078069|[g:1][CONSENSUS][SEALER]++++++++++++++++ Generating seal on,blkNum=1,tx=0,nodeIdx=1,hash=25688c1b...
info|2021-01-26 11:00:14.078620|[g:1][CONSENSUS][PBFT]checkTimeout Succ,view=485,toView=486,nodeIdx=1,changeCycle=1,myNode=a4a06f35...,timecost=0.254
info|2021-01-26 11:00:14.080594|[g:1][CONSENSUS][PBFT]checkAndChangeView: Reach consensus,org_view=485,cur_changeCycle=1,curView=485,view=486
info|2021-01-26 11:00:15.087906|[g:1][CONSENSUS]addRawPrepare,height=1,reqIdx=2,hash=ec3939dc...,time=0
info|2021-01-26 11:00:15.088210|[g:1][CONSENSUS][PBFT]checkTimeout Succ,view=486,toView=487,nodeIdx=1,changeCycle=1,myNode=a4a06f35...,timecost=0.266
info|2021-01-26 11:00:15.088819|[g:1][CONSENSUS][PBFT]checkAndChangeView: Reach consensus,org_view=486,cur_changeCycle=1,curView=486,view=487
info|2021-01-26 11:00:16.096951|[g:1][CONSENSUS]addRawPrepare,height=1,reqIdx=3,hash=9307acb8...,time=0
info|2021-01-26 11:00:16.097299|[g:1][CONSENSUS][PBFT]checkTimeout Succ,view=487,toView=488,nodeIdx=1,changeCycle=1,myNode=a4a06f35...,timecost=0.276
info|2021-01-26 11:00:16.097681|[g:1][CONSENSUS][PBFT]checkAndChangeView: Reach consensus,org_view=487,cur_changeCycle=1,curView=487,view=488
info|2021-01-26 11:00:17.114437|[g:1][CONSENSUS]addRawPrepare,height=1,reqIdx=0,hash=faca45d5...,time=0
info|2021-01-26 11:00:17.114692|[g:1][CONSENSUS][PBFT]checkTimeout Succ,view=488,toView=489,nodeIdx=1,changeCycle=1,myNode=a4a06f35...,timecost=0.214
info|2021-01-26 11:00:17.115470|[g:1][CONSENSUS][PBFT]checkAndChangeView: Reach consensus,org_view=488,cur_changeCycle=1,curView=488,view=489
info|2021-01-26 11:00:18.120591|[g:1][CONSENSUS][SEALER]++++++++++++++++ Generating seal on,blkNum=1,tx=0,nodeIdx=1,hash=b56d6b85...
info|2021-01-26 11:00:18.121057|[g:1][CONSENSUS][PBFT]checkTimeout Succ,view=489,toView=490,nodeIdx=1,changeCycle=1,myNode=a4a06f35...,timecost=0.221
info|2021-01-26 11:00:18.122707|[g:1][CONSENSUS][PBFT]checkAndChangeView: Reach consensus,org_view=489,cur_changeCycle=1,curView=489,view=490
info|2021-01-26 11:00:19.130420|[g:1][CONSENSUS]addRawPrepare,height=1,reqIdx=2,hash=69ccb8ef...,time=0
info|2021-01-26 11:00:19.130639|[g:1][CONSENSUS][PBFT]checkTimeout Succ,view=490,toView=491,nodeIdx=1,changeCycle=1,myNode=a4a06f35...,timecost=0.191
info|2021-01-26 11:00:19.131573|[g:1][CONSENSUS][PBFT]checkAndChangeView: Reach consensus,org_view=490,cur_changeCycle=1,curView=490,view=491
info|2021-01-26 11:00:20.152101|[g:1][CONSENSUS]addRawPrepare,height=1,reqIdx=3,hash=aaab3c1d...,time=0
info|2021-01-26 11:00:20.152341|[g:1][CONSENSUS][PBFT]checkTimeout Succ,view=491,toView=492,nodeIdx=1,changeCycle=1,myNode=a4a06f35...,timecost=0.211
info|2021-01-26 11:00:20.153209|[g:1][CONSENSUS][PBFT]checkAndChangeView: Reach consensus,org_view=491,cur_changeCycle=1,curView=491,view=492
info|2021-01-26 11:00:21.154448|[g:1][CONSENSUS]addRawPrepare,height=1,reqIdx=0,hash=d2a1993d...,time=0
info|2021-01-26 11:00:21.154718|[g:1][CONSENSUS][PBFT]checkTimeout Succ,view=492,toView=493,nodeIdx=1,changeCycle=1,myNode=a4a06f35...,timecost=0.231
info|2021-01-26 11:00:21.155562|[g:1][CONSENSUS][PBFT]checkAndChangeView: Reach consensus,org_view=492,cur_changeCycle=1,curView=492,view=493
info|2021-01-26 11:00:22.166471|[g:1][CONSENSUS][SEALER]++++++++++++++++ Generating seal on,blkNum=1,tx=0,nodeIdx=1,hash=31382a27...
info|2021-01-26 11:00:22.168364|[g:1][CONSENSUS][PBFT]checkTimeout Succ,view=493,toView=494,nodeIdx=1,changeCycle=1,myNode=a4a06f35...,timecost=0.178
info|2021-01-26 11:00:22.168838|[g:1][CONSENSUS][PBFT]checkAndChangeView: Reach consensus,org_view=493,cur_changeCycle=1,curView=493,view=494
info|2021-01-26 11:00:22.478707|[P2P][Service] heartBeat,connected count=3
info|2021-01-26 11:00:23.174286|[g:1][CONSENSUS]addRawPrepare,height=1,reqIdx=2,hash=61a670a2...,time=0
info|2021-01-26 11:00:23.174578|[g:1][CONSENSUS][PBFT]checkTimeout Succ,view=494,toView=495,nodeIdx=1,changeCycle=1,myNode=a4a06f35...,timecost=0.261
info|2021-01-26 11:00:23.175620|[g:1][CONSENSUS][PBFT]checkAndChangeView: Reach consensus,org_view=494,cur_changeCycle=1,curView=494,view=495
info|2021-01-26 11:00:24.199786|[g:1][CONSENSUS]addRawPrepare,height=1,reqIdx=3,hash=d75323c9...,time=0
info|2021-01-26 11:00:24.200064|[g:1][CONSENSUS][PBFT]checkTimeout Succ,view=495,toView=496,nodeIdx=1,changeCycle=1,myNode=a4a06f35...,timecost=0.244
info|2021-01-26 11:00:24.200468|[g:1][CONSENSUS][PBFT]checkAndChangeView: Reach consensus,org_view=495,cur_changeCycle=1,curView=495,view=496
info|2021-01-26 11:00:25.206576|[g:1][CONSENSUS]addRawPrepare,height=1,reqIdx=0,hash=38911c5a...,time=0
info|2021-01-26 11:00:25.206865|[g:1][CONSENSUS][PBFT]checkTimeout Succ,view=496,toView=497,nodeIdx=1,changeCycle=1,myNode=a4a06f35...,timecost=0.249
info|2021-01-26 11:00:25.207674|[g:1][CONSENSUS][PBFT]checkAndChangeView: Reach consensus,org_view=496,cur_changeCycle=1,curView=496,view=497
info|2021-01-26 11:00:26.212386|[g:1][CONSENSUS][SEALER]++++++++++++++++ Generating seal on,blkNum=1,tx=0,nodeIdx=1,hash=56dc3bde...
info|2021-01-26 11:00:26.214615|[g:1][CONSENSUS][PBFT]checkTimeout Succ,view=497,toView=498,nodeIdx=1,changeCycle=1,myNode=a4a06f35...,timecost=0.324
info|2021-01-26 11:00:26.214932|[g:1][CONSENSUS][PBFT]checkAndChangeView: Reach consensus,org_view=497,cur_changeCycle=1,curView=497,view=498
info|2021-01-26 11:00:27.220287|[g:1][CONSENSUS]addRawPrepare,height=1,reqIdx=2,hash=732ee21c...,time=0
info|2021-01-26 11:00:27.220564|[g:1][CONSENSUS][PBFT]checkTimeout Succ,view=498,toView=499,nodeIdx=1,changeCycle=1,myNode=a4a06f35...,timecost=0.243
info|2021-01-26 11:00:27.221328|[g:1][CONSENSUS][PBFT]checkAndChangeView: Reach consensus,org_view=498,cur_changeCycle=1,curView=498,view=499
info|2021-01-26 11:00:28.237723|[g:1][CONSENSUS]addRawPrepare,height=1,reqIdx=3,hash=a7debf15...,time=0
info|2021-01-26 11:00:28.237993|[g:1][CONSENSUS][PBFT]checkTimeout Succ,view=499,toView=500,nodeIdx=1,changeCycle=1,myNode=a4a06f35...,timecost=0.24
info|2021-01-26 11:00:28.238736|[g:1][CONSENSUS][PBFT]checkAndChangeView: Reach consensus,org_view=499,cur_changeCycle=1,curView=499,view=500
info|2021-01-26 11:00:29.259814|[g:1][CONSENSUS]addRawPrepare,height=1,reqIdx=0,hash=62112e49...,time=0
info|2021-01-26 11:00:29.260084|[g:1][CONSENSUS][PBFT]checkTimeout Succ,view=500,toView=501,nodeIdx=1,changeCycle=1,myNode=a4a06f35...,timecost=0.228
info|2021-01-26 11:00:29.260799|[g:1][CONSENSUS][PBFT]checkAndChangeView: Reach consensus,org_view=500,cur_changeCycle=1,curView=500,view=501
info|2021-01-26 11:00:30.279863|[g:1][CONSENSUS][SEALER]++++++++++++++++ Generating seal on,blkNum=1,tx=0,nodeIdx=1,hash=ad54b05b...
info|2021-01-26 11:00:30.282167|[g:1][CONSENSUS][PBFT]checkTimeout Succ,view=501,toView=502,nodeIdx=1,changeCycle=1,myNode=a4a06f35...,timecost=0.245
info|2021-01-26 11:00:30.282515|[g:1][CONSENSUS][PBFT]checkAndChangeView: Reach consensus,org_view=501,cur_changeCycle=1,curView=501,view=502
info|2021-01-26 11:00:31.308146|[g:1][CONSENSUS]addRawPrepare,height=1,reqIdx=2,hash=6cf30b19...,time=0
info|2021-01-26 11:00:31.308404|[g:1][CONSENSUS][PBFT]checkTimeout Succ,view=502,toView=503,nodeIdx=1,changeCycle=1,myNode=a4a06f35...,timecost=0.228
info|2021-01-26 11:00:31.309217|[g:1][CONSENSUS][PBFT]checkAndChangeView: Reach consensus,org_view=502,cur_changeCycle=1,curView=502,view=503
info|2021-01-26 11:00:32.324942|[g:1][CONSENSUS]addRawPrepare,height=1,reqIdx=3,hash=807538ac...,time=0
info|2021-01-26 11:00:32.325165|[g:1][CONSENSUS][PBFT]checkTimeout Succ,view=503,toView=504,nodeIdx=1,changeCycle=1,myNode=a4a06f35...,timecost=0.194
info|2021-01-26 11:00:32.325830|[g:1][CONSENSUS][PBFT]checkAndChangeView: Reach consensus,org_view=503,cur_changeCycle=1,curView=503,view=504
info|2021-01-26 11:00:32.479089|[P2P][Service] heartBeat,connected count=3
info|2021-01-26 11:00:33.339454|[g:1][CONSENSUS]addRawPrepare,height=1,reqIdx=0,hash=4cf20923...,time=0
info|2021-01-26 11:00:33.339757|[g:1][CONSENSUS][PBFT]checkTimeout Succ,view=504,toView=505,nodeIdx=1,changeCycle=1,myNode=a4a06f35...,timecost=0.268
info|2021-01-26 11:00:33.340555|[g:1][CONSENSUS][PBFT]checkAndChangeView: Reach consensus,org_view=504,cur_changeCycle=1,curView=504,view=505
info|2021-01-26 11:00:34.363044|[g:1][CONSENSUS][SEALER]++++++++++++++++ Generating seal on,blkNum=1,tx=0,nodeIdx=1,hash=9ba721e1...
info|2021-01-26 11:00:34.365020|[g:1][CONSENSUS][PBFT]checkTimeout Succ,view=505,toView=506,nodeIdx=1,changeCycle=1,myNode=a4a06f35...,timecost=0.214
info|2021-01-26 11:00:34.365469|[g:1][CONSENSUS][PBFT]checkAndChangeView: Reach consensus,org_view=505,cur_changeCycle=1,curView=505,view=506
info|2021-01-26 11:00:35.372020|[g:1][CONSENSUS]addRawPrepare,height=1,reqIdx=2,hash=be4d3e46...,time=0
info|2021-01-26 11:00:35.372345|[g:1][CONSENSUS][PBFT]checkTimeout Succ,view=506,toView=507,nodeIdx=1,changeCycle=1,myNode=a4a06f35...,timecost=0.264
info|2021-01-26 11:00:35.373178|[g:1][CONSENSUS][PBFT]checkAndChangeView: Reach consensus,org_view=506,cur_changeCycle=1,curView=506,view=507
info|2021-01-26 11:00:36.398309|[g:1][CONSENSUS]addRawPrepare,height=1,reqIdx=3,hash=e5348660...,time=0
info|2021-01-26 11:00:36.398577|[g:1][CONSENSUS][PBFT]checkTimeout Succ,view=507,toView=508,nodeIdx=1,changeCycle=1,myNode=a4a06f35...,timecost=0.238
info|2021-01-26 11:00:36.399005|[g:1][CONSENSUS][PBFT]checkAndChangeView: Reach consensus,org_view=507,cur_changeCycle=1,curView=507,view=508
info|2021-01-26 11:00:37.407742|[g:1][CONSENSUS]addRawPrepare,height=1,reqIdx=0,hash=f3ce59f9...,time=0
info|2021-01-26 11:00:37.407993|[g:1][CONSENSUS][PBFT]checkTimeout Succ,view=508,toView=509,nodeIdx=1,changeCycle=1,myNode=a4a06f35...,timecost=0.22
info|2021-01-26 11:00:37.408597|[g:1][CONSENSUS][PBFT]checkAndChangeView: Reach consensus,org_view=508,cur_changeCycle=1,curView=508,view=509
info|2021-01-26 11:00:38.416862|[g:1][CONSENSUS][SEALER]++++++++++++++++ Generating seal on,blkNum=1,tx=0,nodeIdx=1,hash=3ebc4dce...
info|2021-01-26 11:00:38.419231|[g:1][CONSENSUS][PBFT]checkTimeout Succ,view=509,toView=510,nodeIdx=1,changeCycle=1,myNode=a4a06f35...,timecost=0.237
info|2021-01-26 11:00:38.419585|[g:1][CONSENSUS][PBFT]checkAndChangeView: Reach consensus,org_view=509,cur_changeCycle=1,curView=509,view=510
info|2021-01-26 11:00:39.427072|[g:1][CONSENSUS]addRawPrepare,height=1,reqIdx=2,hash=8ef54d83...,time=0
info|2021-01-26 11:00:39.427310|[g:1][CONSENSUS][PBFT]checkTimeout Succ,view=510,toView=511,nodeIdx=1,changeCycle=1,myNode=a4a06f35...,timecost=0.203
info|2021-01-26 11:00:39.428015|[g:1][CONSENSUS][PBFT]checkAndChangeView: Reach consensus,org_view=510,cur_changeCycle=1,curView=510,view=511
info|2021-01-26 11:00:40.436980|[g:1][CONSENSUS]addRawPrepare,height=1,reqIdx=3,hash=f8b0245a...,time=0
info|2021-01-26 11:00:40.437276|[g:1][CONSENSUS][PBFT]checkTimeout Succ,view=511,toView=512,nodeIdx=1,changeCycle=1,myNode=a4a06f35...,timecost=0.258
info|2021-01-26 11:00:40.438096|[g:1][CONSENSUS][PBFT]checkAndChangeView: Reach consensus,org_view=511,cur_changeCycle=1,curView=511,view=512
info|2021-01-26 11:00:41.445830|[g:1][CONSENSUS]addRawPrepare,height=1,reqIdx=0,hash=abc46e69...,time=0
info|2021-01-26 11:00:41.446062|[g:1][CONSENSUS][PBFT]checkTimeout Succ,view=512,toView=513,nodeIdx=1,changeCycle=1,myNode=a4a06f35...,timecost=0.205
info|2021-01-26 11:00:41.447117|[g:1][CONSENSUS][PBFT]checkAndChangeView: Reach consensus,org_view=512,cur_changeCycle=1,curView=512,view=513
info|2021-01-26 11:00:42.451850|[g:1][CONSENSUS][SEALER]++++++++++++++++ Generating seal on,blkNum=1,tx=0,nodeIdx=1,hash=9a127d23...
info|2021-01-26 11:00:42.454013|[g:1][CONSENSUS][PBFT]checkTimeout Succ,view=513,toView=514,nodeIdx=1,changeCycle=1,myNode=a4a06f35...,timecost=0.241
info|2021-01-26 11:00:42.454385|[g:1][CONSENSUS][PBFT]checkAndChangeView: Reach consensus,org_view=513,cur_changeCycle=1,curView=513,view=514
info|2021-01-26 11:00:42.480192|[P2P][Service] heartBeat,connected count=3
info|2021-01-26 11:00:43.462498|[g:1][CONSENSUS]addRawPrepare,height=1,reqIdx=2,hash=faac719c...,time=0
info|2021-01-26 11:00:43.462816|[g:1][CONSENSUS][PBFT]checkTimeout Succ,view=514,toView=515,nodeIdx=1,changeCycle=1,myNode=a4a06f35...,timecost=0.27
info|2021-01-26 11:00:43.463934|[g:1][CONSENSUS][PBFT]checkAndChangeView: Reach consensus,org_view=514,cur_changeCycle=1,curView=514,view=515
info|2021-01-26 11:00:44.466560|[g:1][CONSENSUS]addRawPrepare,height=1,reqIdx=3,hash=b12e117d...,time=0
info|2021-01-26 11:00:44.466798|[g:1][CONSENSUS][PBFT]checkTimeout Succ,view=515,toView=516,nodeIdx=1,changeCycle=1,myNode=a4a06f35...,timecost=0.21
info|2021-01-26 11:00:44.467583|[g:1][CONSENSUS][PBFT]checkAndChangeView: Reach consensus,org_view=515,cur_changeCycle=1,curView=515,view=516
info|2021-01-26 11:00:45.476817|[g:1][CONSENSUS]addRawPrepare,height=1,reqIdx=0,hash=ea78aa89...,time=0
info|2021-01-26 11:00:45.477117|[g:1][CONSENSUS][PBFT]checkTimeout Succ,view=516,toView=517,nodeIdx=1,changeCycle=1,myNode=a4a06f35...,timecost=0.23
info|2021-01-26 11:00:45.477736|[g:1][CONSENSUS][PBFT]checkAndChangeView: Reach consensus,org_view=516,cur_changeCycle=1,curView=516,view=517
info|2021-01-26 11:00:46.482431|[g:1][CONSENSUS][SEALER]++++++++++++++++ Generating seal on,blkNum=1,tx=0,nodeIdx=1,hash=29b77bf7...
info|2021-01-26 11:00:46.484301|[g:1][CONSENSUS][PBFT]checkTimeout Succ,view=517,toView=518,nodeIdx=1,changeCycle=1,myNode=a4a06f35...,timecost=0.18
info|2021-01-26 11:00:46.484628|[g:1][CONSENSUS][PBFT]checkAndChangeView: Reach consensus,org_view=517,cur_changeCycle=1,curView=517,view=518
info|2021-01-26 11:00:47.490075|[g:1][CONSENSUS]addRawPrepare,height=1,reqIdx=2,hash=0949e8a7...,time=0
info|2021-01-26 11:00:47.490362|[g:1][CONSENSUS][PBFT]checkTimeout Succ,view=518,toView=519,nodeIdx=1,changeCycle=1,myNode=a4a06f35...,timecost=0.248
info|2021-01-26 11:00:47.491169|[g:1][CONSENSUS][PBFT]checkAndChangeView: Reach consensus,org_view=518,cur_changeCycle=1,curView=518,view=519
info|2021-01-26 11:00:48.494765|[g:1][CONSENSUS]addRawPrepare,height=1,reqIdx=3,hash=55228481...,time=0
info|2021-01-26 11:00:48.495124|[g:1][CONSENSUS][PBFT]checkTimeout Succ,view=519,toView=520,nodeIdx=1,changeCycle=1,myNode=a4a06f35...,timecost=0.327
info|2021-01-26 11:00:48.496072|[g:1][CONSENSUS][PBFT]checkAndChangeView: Reach consensus,org_view=519,cur_changeCycle=1,curView=519,view=520
info|2021-01-26 11:00:49.502875|[g:1][CONSENSUS]addRawPrepare,height=1,reqIdx=0,hash=01cda116...,time=0
info|2021-01-26 11:00:49.503129|[g:1][CONSENSUS][PBFT]checkTimeout Succ,view=520,toView=521,nodeIdx=1,changeCycle=1,myNode=a4a06f35...,timecost=0.206
info|2021-01-26 11:00:49.504176|[g:1][CONSENSUS][PBFT]checkAndChangeView: Reach consensus,org_view=520,cur_changeCycle=1,curView=520,view=521
info|2021-01-26 11:00:50.509898|[g:1][CONSENSUS][SEALER]++++++++++++++++ Generating seal on,blkNum=1,tx=0,nodeIdx=1,hash=252305b4...
info|2021-01-26 11:00:50.511959|[g:1][CONSENSUS][PBFT]checkTimeout Succ,view=521,toView=522,nodeIdx=1,changeCycle=1,myNode=a4a06f35...,timecost=0.187
info|2021-01-26 11:00:50.512294|[g:1][CONSENSUS][PBFT]checkAndChangeView: Reach consensus,org_view=521,cur_changeCycle=1,curView=521,view=522
info|2021-01-26 11:00:51.515046|[g:1][CONSENSUS]addRawPrepare,height=1,reqIdx=2,hash=32f8fe7c...,time=0
info|2021-01-26 11:00:51.515336|[g:1][CONSENSUS][PBFT]checkTimeout Succ,view=522,toView=523,nodeIdx=1,changeCycle=1,myNode=a4a06f35...,timecost=0.255
info|2021-01-26 11:00:51.516328|[g:1][CONSENSUS][PBFT]checkAndChangeView: Reach consensus,org_view=522,cur_changeCycle=1,curView=522,view=523
info|2021-01-26 11:00:52.480663|[P2P][Service] heartBeat,connected count=3
info|2021-01-26 11:00:52.533000|[g:1][CONSENSUS]addRawPrepare,height=1,reqIdx=3,hash=b99834b5...,time=1
info|2021-01-26 11:00:52.533406|[g:1][CONSENSUS][PBFT]checkTimeout Succ,view=523,toView=524,nodeIdx=1,changeCycle=1,myNode=a4a06f35...,timecost=0.379
info|2021-01-26 11:00:52.534287|[g:1][CONSENSUS][PBFT]checkAndChangeView: Reach consensus,org_view=523,cur_changeCycle=1,curView=523,view=524
info|2021-01-26 11:00:53.544600|[g:1][CONSENSUS]addRawPrepare,height=1,reqIdx=0,hash=50d134e4...,time=0
info|2021-01-26 11:00:53.544907|[g:1][CONSENSUS][PBFT]checkTimeout Succ,view=524,toView=525,nodeIdx=1,changeCycle=1,myNode=a4a06f35...,timecost=0.278
info|2021-01-26 11:00:53.545772|[g:1][CONSENSUS][PBFT]checkAndChangeView: Reach consensus,org_view=524,cur_changeCycle=1,curView=524,view=525
info|2021-01-26 11:00:54.549192|[g:1][CONSENSUS][SEALER]++++++++++++++++ Generating seal on,blkNum=1,tx=0,nodeIdx=1,hash=163bb576...
info|2021-01-26 11:00:54.549737|[g:1][CONSENSUS][PBFT]checkTimeout Succ,view=525,toView=526,nodeIdx=1,changeCycle=1,myNode=a4a06f35...,timecost=0.25
info|2021-01-26 11:00:54.551376|[g:1][CONSENSUS][PBFT]checkAndChangeView: Reach consensus,org_view=525,cur_changeCycle=1,curView=525,view=526
info|2021-01-26 11:00:55.560472|[g:1][CONSENSUS]addRawPrepare,height=1,reqIdx=2,hash=4a33a3f2...,time=0
info|2021-01-26 11:00:55.560737|[g:1][CONSENSUS][PBFT]checkTimeout Succ,view=526,toView=527,nodeIdx=1,changeCycle=1,myNode=a4a06f35...,timecost=0.225
info|2021-01-26 11:00:55.561791|[g:1][CONSENSUS][PBFT]checkAndChangeView: Reach consensus,org_view=526,cur_changeCycle=1,curView=526,view=527
info|2021-01-26 11:00:56.567047|[g:1][CONSENSUS]addRawPrepare,height=1,reqIdx=3,hash=b35e81bd...,time=0
info|2021-01-26 11:00:56.567297|[g:1][CONSENSUS][PBFT]checkTimeout Succ,view=527,toView=528,nodeIdx=1,changeCycle=1,myNode=a4a06f35...,timecost=0.202
info|2021-01-26 11:00:56.567973|[g:1][CONSENSUS][PBFT]checkAndChangeView: Reach consensus,org_view=527,cur_changeCycle=1,curView=527,view=528
info|2021-01-26 11:00:57.590148|[g:1][CONSENSUS]addRawPrepare,height=1,reqIdx=0,hash=d10a75ae...,time=0
info|2021-01-26 11:00:57.590420|[g:1][CONSENSUS][PBFT]checkTimeout Succ,view=528,toView=529,nodeIdx=1,changeCycle=1,myNode=a4a06f35...,timecost=0.24
info|2021-01-26 11:00:57.591307|[g:1][CONSENSUS][PBFT]checkAndChangeView: Reach consensus,org_view=528,cur_changeCycle=1,curView=528,view=529
info|2021-01-26 11:00:58.597032|[g:1][CONSENSUS][SEALER]++++++++++++++++ Generating seal on,blkNum=1,tx=0,nodeIdx=1,hash=e5e5d64f...
info|2021-01-26 11:00:58.597631|[g:1][CONSENSUS][PBFT]checkTimeout Succ,view=529,toView=530,nodeIdx=1,changeCycle=1,myNode=a4a06f35...,timecost=0.328
info|2021-01-26 11:00:58.599523|[g:1][CONSENSUS][PBFT]checkAndChangeView: Reach consensus,org_view=529,cur_changeCycle=1,curView=529,view=530
info|2021-01-26 11:00:59.605372|[g:1][CONSENSUS]addRawPrepare,height=1,reqIdx=2,hash=70b1a0f0...,time=0
info|2021-01-26 11:00:59.605622|[g:1][CONSENSUS][PBFT]checkTimeout Succ,view=530,toView=531,nodeIdx=1,changeCycle=1,myNode=a4a06f35...,timecost=0.223
info|2021-01-26 11:00:59.606531|[g:1][CONSENSUS][PBFT]checkAndChangeView: Reach consensus,org_view=530,cur_changeCycle=1,curView=530,view=531
info|2021-01-26 11:01:00.611648|[g:1][CONSENSUS]addRawPrepare,height=1,reqIdx=3,hash=9d80776f...,time=0
info|2021-01-26 11:01:00.611977|[g:1][CONSENSUS][PBFT]checkTimeout Succ,view=531,toView=532,nodeIdx=1,changeCycle=1,myNode=a4a06f35...,timecost=0.239
info|2021-01-26 11:01:00.612837|[g:1][CONSENSUS][PBFT]checkAndChangeView: Reach consensus,org_view=531,cur_changeCycle=1,curView=531,view=532
info|2021-01-26 11:01:01.618668|[g:1][CONSENSUS]addRawPrepare,height=1,reqIdx=0,hash=e34f01fb...,time=0
info|2021-01-26 11:01:01.618921|[g:1][CONSENSUS][PBFT]checkTimeout Succ,view=532,toView=533,nodeIdx=1,changeCycle=1,myNode=a4a06f35...,timecost=0.227
info|2021-01-26 11:01:01.619542|[g:1][CONSENSUS][PBFT]checkAndChangeView: Reach consensus,org_view=532,cur_changeCycle=1,curView=532,view=533
info|2021-01-26 11:01:02.482065|[P2P][Service] heartBeat,connected count=3
info|2021-01-26 11:01:02.643904|[g:1][CONSENSUS][SEALER]++++++++++++++++ Generating seal on,blkNum=1,tx=0,nodeIdx=1,hash=6808f888...
info|2021-01-26 11:01:02.645988|[g:1][CONSENSUS][PBFT]checkTimeout Succ,view=533,toView=534,nodeIdx=1,changeCycle=1,myNode=a4a06f35...,timecost=0.2
info|2021-01-26 11:01:02.646374|[g:1][CONSENSUS][PBFT]checkAndChangeView: Reach consensus,org_view=533,cur_changeCycle=1,curView=533,view=534
info|2021-01-26 11:01:03.650854|[g:1][CONSENSUS]addRawPrepare,height=1,reqIdx=2,hash=30078cca...,time=0
info|2021-01-26 11:01:03.651159|[g:1][CONSENSUS][PBFT]checkTimeout Succ,view=534,toView=535,nodeIdx=1,changeCycle=1,myNode=a4a06f35...,timecost=0.265
info|2021-01-26 11:01:03.651814|[g:1][CONSENSUS][PBFT]checkAndChangeView: Reach consensus,org_view=534,cur_changeCycle=1,curView=534,view=535
info|2021-01-26 11:01:04.658472|[g:1][CONSENSUS]addRawPrepare,height=1,reqIdx=3,hash=d8e0f921...,time=0
info|2021-01-26 11:01:04.658736|[g:1][CONSENSUS][PBFT]checkTimeout Succ,view=535,toView=536,nodeIdx=1,changeCycle=1,myNode=a4a06f35...,timecost=0.219
info|2021-01-26 11:01:04.659719|[g:1][CONSENSUS][PBFT]checkAndChangeView: Reach consensus,org_view=535,cur_changeCycle=1,curView=535,view=536
info|2021-01-26 11:01:05.677106|[g:1][CONSENSUS]addRawPrepare,height=1,reqIdx=0,hash=f3b0a070...,time=0
info|2021-01-26 11:01:05.677361|[g:1][CONSENSUS][PBFT]checkTimeout Succ,view=536,toView=537,nodeIdx=1,changeCycle=1,myNode=a4a06f35...,timecost=0.225
info|2021-01-26 11:01:05.678091|[g:1][CONSENSUS][PBFT]checkAndChangeView: Reach consensus,org_view=536,cur_changeCycle=1,curView=536,view=537
info|2021-01-26 11:01:06.687089|[g:1][CONSENSUS][SEALER]++++++++++++++++ Generating seal on,blkNum=1,tx=0,nodeIdx=1,hash=4d96771d...
info|2021-01-26 11:01:06.689124|[g:1][CONSENSUS][PBFT]checkTimeout Succ,view=537,toView=538,nodeIdx=1,changeCycle=1,myNode=a4a06f35...,timecost=0.184
info|2021-01-26 11:01:06.689518|[g:1][CONSENSUS][PBFT]checkAndChangeView: Reach consensus,org_view=537,cur_changeCycle=1,curView=537,view=538
info|2021-01-26 11:01:07.696307|[g:1][CONSENSUS]addRawPrepare,height=1,reqIdx=2,hash=4d8a2f47...,time=0
info|2021-01-26 11:01:07.696651|[g:1][CONSENSUS][PBFT]checkTimeout Succ,view=538,toView=539,nodeIdx=1,changeCycle=1,myNode=a4a06f35...,timecost=0.267
info|2021-01-26 11:01:07.697846|[g:1][CONSENSUS][PBFT]checkAndChangeView: Reach consensus,org_view=538,cur_changeCycle=1,curView=538,view=539
info|2021-01-26 11:01:08.700911|[g:1][CONSENSUS]addRawPrepare,height=1,reqIdx=3,hash=4d39fed9...,time=0
info|2021-01-26 11:01:08.701207|[g:1][CONSENSUS][PBFT]checkTimeout Succ,view=539,toView=540,nodeIdx=1,changeCycle=1,myNode=a4a06f35...,timecost=0.25
info|2021-01-26 11:01:08.702348|[g:1][CONSENSUS][PBFT]checkAndChangeView: Reach consensus,org_view=539,cur_changeCycle=1,curView=539,view=540
info|2021-01-26 11:01:09.709054|[g:1][CONSENSUS]addRawPrepare,height=1,reqIdx=0,hash=8b4b5980...,time=0
info|2021-01-26 11:01:09.709291|[g:1][CONSENSUS][PBFT]checkTimeout Succ,view=540,toView=541,nodeIdx=1,changeCycle=1,myNode=a4a06f35...,timecost=0.193
info|2021-01-26 11:01:09.710105|[g:1][CONSENSUS][PBFT]checkAndChangeView: Reach consensus,org_view=540,cur_changeCycle=1,curView=540,view=541
info|2021-01-26 11:01:10.722486|[g:1][CONSENSUS][SEALER]++++++++++++++++ Generating seal on,blkNum=1,tx=0,nodeIdx=1,hash=01329315...
info|2021-01-26 11:01:10.724775|[g:1][CONSENSUS][PBFT]checkTimeout Succ,view=541,toView=542,nodeIdx=1,changeCycle=1,myNode=a4a06f35...,timecost=0.177
info|2021-01-26 11:01:10.725184|[g:1][CONSENSUS][PBFT]checkAndChangeView: Reach consensus,org_view=541,cur_changeCycle=1,curView=541,view=542
info|2021-01-26 11:01:11.729061|[g:1][CONSENSUS]addRawPrepare,height=1,reqIdx=2,hash=f0a76b24...,time=0
info|2021-01-26 11:01:11.729347|[g:1][CONSENSUS][PBFT]checkTimeout Succ,view=542,toView=543,nodeIdx=1,changeCycle=1,myNode=a4a06f35...,timecost=0.249
info|2021-01-26 11:01:11.730304|[g:1][CONSENSUS][PBFT]checkAndChangeView: Reach consensus,org_view=542,cur_changeCycle=1,curView=542,view=543
info|2021-01-26 11:01:12.482231|[P2P][Service] heartBeat,connected count=3
info|2021-01-26 11:01:12.750337|[g:1][CONSENSUS]addRawPrepare,height=1,reqIdx=3,hash=da561d74...,time=0
info|2021-01-26 11:01:12.750638|[g:1][CONSENSUS][PBFT]checkTimeout Succ,view=543,toView=544,nodeIdx=1,changeCycle=1,myNode=a4a06f35...,timecost=0.268
info|2021-01-26 11:01:12.751435|[g:1][CONSENSUS][PBFT]checkAndChangeView: Reach consensus,org_view=543,cur_changeCycle=1,curView=543,view=544
info|2021-01-26 11:01:13.758804|[g:1][CONSENSUS]addRawPrepare,height=1,reqIdx=0,hash=6b59c671...,time=0
info|2021-01-26 11:01:13.759092|[g:1][CONSENSUS][PBFT]checkTimeout Succ,view=544,toView=545,nodeIdx=1,changeCycle=1,myNode=a4a06f35...,timecost=0.249
info|2021-01-26 11:01:13.760214|[g:1][CONSENSUS][PBFT]checkAndChangeView: Reach consensus,org_view=544,cur_changeCycle=1,curView=544,view=545
info|2021-01-26 11:01:14.767016|[g:1][CONSENSUS][SEALER]++++++++++++++++ Generating seal on,blkNum=1,tx=0,nodeIdx=1,hash=08e137c6...
info|2021-01-26 11:01:14.767534|[g:1][CONSENSUS][PBFT]checkTimeout Succ,view=545,toView=546,nodeIdx=1,changeCycle=1,myNode=a4a06f35...,timecost=0.226
info|2021-01-26 11:01:14.769051|[g:1][CONSENSUS][PBFT]checkAndChangeView: Reach consensus,org_view=545,cur_changeCycle=1,curView=545,view=546
info|2021-01-26 11:01:15.774130|[g:1][CONSENSUS]addRawPrepare,height=1,reqIdx=2,hash=8c23e736...,time=0
info|2021-01-26 11:01:15.774504|[g:1][CONSENSUS][PBFT]checkTimeout Succ,view=546,toView=547,nodeIdx=1,changeCycle=1,myNode=a4a06f35...,timecost=0.337
info|2021-01-26 11:01:15.775747|[g:1][CONSENSUS][PBFT]checkAndChangeView: Reach consensus,org_view=546,cur_changeCycle=1,curView=546,view=547
info|2021-01-26 11:01:16.784935|[g:1][CONSENSUS]addRawPrepare,height=1,reqIdx=3,hash=f5073186...,time=0
info|2021-01-26 11:01:16.785197|[g:1][CONSENSUS][PBFT]checkTimeout Succ,view=547,toView=548,nodeIdx=1,changeCycle=1,myNode=a4a06f35...,timecost=0.233
info|2021-01-26 11:01:16.785999|[g:1][CONSENSUS][PBFT]checkAndChangeView: Reach consensus,org_view=547,cur_changeCycle=1,curView=547,view=548
info|2021-01-26 11:01:17.788596|[g:1][CONSENSUS]addRawPrepare,height=1,reqIdx=0,hash=ac6c0320...,time=0
info|2021-01-26 11:01:17.788840|[g:1][CONSENSUS][PBFT]checkTimeout Succ,view=548,toView=549,nodeIdx=1,changeCycle=1,myNode=a4a06f35...,timecost=0.213
info|2021-01-26 11:01:17.789642|[g:1][CONSENSUS][PBFT]checkAndChangeView: Reach consensus,org_view=548,cur_changeCycle=1,curView=548,view=549
info|2021-01-26 11:01:18.803172|[g:1][CONSENSUS][SEALER]++++++++++++++++ Generating seal on,blkNum=1,tx=0,nodeIdx=1,hash=133de0af...
info|2021-01-26 11:01:18.803729|[g:1][CONSENSUS][PBFT]checkTimeout Succ,view=549,toView=550,nodeIdx=1,changeCycle=1,myNode=a4a06f35...,timecost=0.24
info|2021-01-26 11:01:18.805578|[g:1][CONSENSUS][PBFT]checkAndChangeView: Reach consensus,org_view=549,cur_changeCycle=1,curView=549,view=550
info|2021-01-26 11:01:19.817399|[g:1][CONSENSUS]addRawPrepare,height=1,reqIdx=2,hash=1de9156c...,time=0
info|2021-01-26 11:01:19.817646|[g:1][CONSENSUS][PBFT]checkTimeout Succ,view=550,toView=551,nodeIdx=1,changeCycle=1,myNode=a4a06f35...,timecost=0.219
info|2021-01-26 11:01:19.818267|[g:1][CONSENSUS][PBFT]checkAndChangeView: Reach consensus,org_view=550,cur_changeCycle=1,curView=550,view=551
info|2021-01-26 11:01:20.826158|[g:1][CONSENSUS]addRawPrepare,height=1,reqIdx=3,hash=25e44507...,time=0
info|2021-01-26 11:01:20.826447|[g:1][CONSENSUS][PBFT]checkTimeout Succ,view=551,toView=552,nodeIdx=1,changeCycle=1,myNode=a4a06f35...,timecost=0.251
info|2021-01-26 11:01:20.827136|[g:1][CONSENSUS][PBFT]checkAndChangeView: Reach consensus,org_view=551,cur_changeCycle=1,curView=551,view=552
info|2021-01-26 11:01:21.832169|[g:1][CONSENSUS]addRawPrepare,height=1,reqIdx=0,hash=c5d500e5...,time=0
info|2021-01-26 11:01:21.832406|[g:1][CONSENSUS][PBFT]checkTimeout Succ,view=552,toView=553,nodeIdx=1,changeCycle=1,myNode=a4a06f35...,timecost=0.206
info|2021-01-26 11:01:21.833315|[g:1][CONSENSUS][PBFT]checkAndChangeView: Reach consensus,org_view=552,cur_changeCycle=1,curView=552,view=553
info|2021-01-26 11:01:22.482763|[P2P][Service] heartBeat,connected count=3
info|2021-01-26 11:01:22.841492|[g:1][CONSENSUS][SEALER]++++++++++++++++ Generating seal on,blkNum=1,tx=0,nodeIdx=1,hash=332698ed...
info|2021-01-26 11:01:22.841988|[g:1][CONSENSUS][PBFT]checkTimeout Succ,view=553,toView=554,nodeIdx=1,changeCycle=1,myNode=a4a06f35...,timecost=0.245
info|2021-01-26 11:01:22.843901|[g:1][CONSENSUS][PBFT]checkAndChangeView: Reach consensus,org_view=553,cur_changeCycle=1,curView=553,view=554
info|2021-01-26 11:01:23.853267|[g:1][CONSENSUS]addRawPrepare,height=1,reqIdx=2,hash=5c624f2c...,time=0
info|2021-01-26 11:01:23.853554|[g:1][CONSENSUS][PBFT]checkTimeout Succ,view=554,toView=555,nodeIdx=1,changeCycle=1,myNode=a4a06f35...,timecost=0.247
info|2021-01-26 11:01:23.854464|[g:1][CONSENSUS][PBFT]checkAndChangeView: Reach consensus,org_view=554,cur_changeCycle=1,curView=554,view=555
info|2021-01-26 11:01:24.877627|[g:1][CONSENSUS]addRawPrepare,height=1,reqIdx=3,hash=5325c5ca...,time=0
info|2021-01-26 11:01:24.877948|[g:1][CONSENSUS][PBFT]checkTimeout Succ,view=555,toView=556,nodeIdx=1,changeCycle=1,myNode=a4a06f35...,timecost=0.285
info|2021-01-26 11:01:24.878652|[g:1][CONSENSUS][PBFT]checkAndChangeView: Reach consensus,org_view=555,cur_changeCycle=1,curView=555,view=556
info|2021-01-26 11:01:25.888905|[g:1][CONSENSUS]addRawPrepare,height=1,reqIdx=0,hash=c1ca50c3...,time=0
info|2021-01-26 11:01:25.889165|[g:1][CONSENSUS][PBFT]checkTimeout Succ,view=556,toView=557,nodeIdx=1,changeCycle=1,myNode=a4a06f35...,timecost=0.231
info|2021-01-26 11:01:25.889885|[g:1][CONSENSUS][PBFT]checkAndChangeView: Reach consensus,org_view=556,cur_changeCycle=1,curView=556,view=557
info|2021-01-26 11:01:26.896464|[g:1][CONSENSUS][SEALER]++++++++++++++++ Generating seal on,blkNum=1,tx=0,nodeIdx=1,hash=1e732e03...
info|2021-01-26 11:01:26.898649|[g:1][CONSENSUS][PBFT]checkTimeout Succ,view=557,toView=558,nodeIdx=1,changeCycle=1,myNode=a4a06f35...,timecost=0.264
info|2021-01-26 11:01:26.899024|[g:1][CONSENSUS][PBFT]checkAndChangeView: Reach consensus,org_view=557,cur_changeCycle=1,curView=557,view=558
info|2021-01-26 11:01:27.922467|[g:1][CONSENSUS]addRawPrepare,height=1,reqIdx=2,hash=d027292e...,time=0
info|2021-01-26 11:01:27.922749|[g:1][CONSENSUS][PBFT]checkTimeout Succ,view=558,toView=559,nodeIdx=1,changeCycle=1,myNode=a4a06f35...,timecost=0.248
info|2021-01-26 11:01:27.923600|[g:1][CONSENSUS][PBFT]checkAndChangeView: Reach consensus,org_view=558,cur_changeCycle=1,curView=558,view=559
info|2021-01-26 11:01:28.930363|[g:1][CONSENSUS]addRawPrepare,height=1,reqIdx=3,hash=dab3dcff...,time=0
info|2021-01-26 11:01:28.930637|[g:1][CONSENSUS][PBFT]checkTimeout Succ,view=559,toView=560,nodeIdx=1,changeCycle=1,myNode=a4a06f35...,timecost=0.256
info|2021-01-26 11:01:28.931493|[g:1][CONSENSUS][PBFT]checkAndChangeView: Reach consensus,org_view=559,cur_changeCycle=1,curView=559,view=560
info|2021-01-26 11:01:29.940143|[g:1][CONSENSUS]addRawPrepare,height=1,reqIdx=0,hash=d5cf76f0...,time=0
info|2021-01-26 11:01:29.940442|[g:1][CONSENSUS][PBFT]checkTimeout Succ,view=560,toView=561,nodeIdx=1,changeCycle=1,myNode=a4a06f35...,timecost=0.257
info|2021-01-26 11:01:29.941132|[g:1][CONSENSUS][PBFT]checkAndChangeView: Reach consensus,org_view=560,cur_changeCycle=1,curView=560,view=561
info|2021-01-26 11:01:30.955741|[g:1][CONSENSUS][SEALER]++++++++++++++++ Generating seal on,blkNum=1,tx=0,nodeIdx=1,hash=c92a4232...
info|2021-01-26 11:01:30.957863|[g:1][CONSENSUS][PBFT]checkTimeout Succ,view=561,toView=562,nodeIdx=1,changeCycle=1,myNode=a4a06f35...,timecost=0.301
info|2021-01-26 11:01:30.958279|[g:1][CONSENSUS][PBFT]checkAndChangeView: Reach consensus,org_view=561,cur_changeCycle=1,curView=561,view=562
info|2021-01-26 11:01:31.962962|[g:1][CONSENSUS]addRawPrepare,height=1,reqIdx=2,hash=433b5b51...,time=0
info|2021-01-26 11:01:31.963260|[g:1][CONSENSUS][PBFT]checkTimeout Succ,view=562,toView=563,nodeIdx=1,changeCycle=1,myNode=a4a06f35...,timecost=0.263
info|2021-01-26 11:01:31.964242|[g:1][CONSENSUS][PBFT]checkAndChangeView: Reach consensus,org_view=562,cur_changeCycle=1,curView=562,view=563
info|2021-01-26 11:01:32.482896|[P2P][Service] heartBeat,connected count=3
info|2021-01-26 11:01:32.970467|[g:1][CONSENSUS]addRawPrepare,height=1,reqIdx=3,hash=7d39bee2...,time=0
info|2021-01-26 11:01:32.970757|[g:1][CONSENSUS][PBFT]checkTimeout Succ,view=563,toView=564,nodeIdx=1,changeCycle=1,myNode=a4a06f35...,timecost=0.25
info|2021-01-26 11:01:32.971813|[g:1][CONSENSUS][PBFT]checkAndChangeView: Reach consensus,org_view=563,cur_changeCycle=1,curView=563,view=564
info|2021-01-26 11:01:33.976890|[g:1][CONSENSUS]addRawPrepare,height=1,reqIdx=0,hash=4ff89288...,time=0
info|2021-01-26 11:01:33.977174|[g:1][CONSENSUS][PBFT]checkTimeout Succ,view=564,toView=565,nodeIdx=1,changeCycle=1,myNode=a4a06f35...,timecost=0.244
info|2021-01-26 11:01:33.978006|[g:1][CONSENSUS][PBFT]checkAndChangeView: Reach consensus,org_view=564,cur_changeCycle=1,curView=564,view=565
info|2021-01-26 11:01:34.987660|[g:1][CONSENSUS][SEALER]++++++++++++++++ Generating seal on,blkNum=1,tx=0,nodeIdx=1,hash=6fd526a5...
info|2021-01-26 11:01:34.988218|[g:1][CONSENSUS][PBFT]checkTimeout Succ,view=565,toView=566,nodeIdx=1,changeCycle=1,myNode=a4a06f35...,timecost=0.249
info|2021-01-26 11:01:34.989635|[g:1][CONSENSUS][PBFT]checkAndChangeView: Reach consensus,org_view=565,cur_changeCycle=1,curView=565,view=566
info|2021-01-26 11:01:35.997008|[g:1][CONSENSUS]addRawPrepare,height=1,reqIdx=2,hash=f6a4ba35...,time=0
info|2021-01-26 11:01:35.997342|[g:1][CONSENSUS][PBFT]checkTimeout Succ,view=566,toView=567,nodeIdx=1,changeCycle=1,myNode=a4a06f35...,timecost=0.301
info|2021-01-26 11:01:35.999066|[g:1][CONSENSUS][PBFT]checkAndChangeView: Reach consensus,org_view=566,cur_changeCycle=1,curView=566,view=567
info|2021-01-26 11:01:37.006041|[g:1][CONSENSUS]addRawPrepare,height=1,reqIdx=3,hash=639f9841...,time=0
info|2021-01-26 11:01:37.006674|[g:1][CONSENSUS][PBFT]checkTimeout Succ,view=567,toView=568,nodeIdx=1,changeCycle=1,myNode=a4a06f35...,timecost=0.564
info|2021-01-26 11:01:37.007792|[g:1][CONSENSUS][PBFT]checkAndChangeView: Reach consensus,org_view=567,cur_changeCycle=1,curView=567,view=568
info|2021-01-26 11:01:38.023534|[g:1][CONSENSUS]addRawPrepare,height=1,reqIdx=0,hash=afd23892...,time=0
info|2021-01-26 11:01:38.023888|[g:1][CONSENSUS][PBFT]checkTimeout Succ,view=568,toView=569,nodeIdx=1,changeCycle=1,myNode=a4a06f35...,timecost=0.288
info|2021-01-26 11:01:38.024918|[g:1][CONSENSUS][PBFT]checkAndChangeView: Reach consensus,org_view=568,cur_changeCycle=1,curView=568,view=569
info|2021-01-26 11:01:39.028235|[g:1][CONSENSUS][SEALER]++++++++++++++++ Generating seal on,blkNum=1,tx=0,nodeIdx=1,hash=710a4a9f...
info|2021-01-26 11:01:39.030664|[g:1][CONSENSUS][PBFT]checkTimeout Succ,view=569,toView=570,nodeIdx=1,changeCycle=1,myNode=a4a06f35...,timecost=0.269
info|2021-01-26 11:01:39.031094|[g:1][CONSENSUS][PBFT]checkAndChangeView: Reach consensus,org_view=569,cur_changeCycle=1,curView=569,view=570
info|2021-01-26 11:01:40.038249|[g:1][CONSENSUS]addRawPrepare,height=1,reqIdx=2,hash=03ad775e...,time=0
info|2021-01-26 11:01:40.038521|[g:1][CONSENSUS][PBFT]checkTimeout Succ,view=570,toView=571,nodeIdx=1,changeCycle=1,myNode=a4a06f35...,timecost=0.237
info|2021-01-26 11:01:40.039271|[g:1][CONSENSUS][PBFT]checkAndChangeView: Reach consensus,org_view=570,cur_changeCycle=1,curView=570,view=571
info|2021-01-26 11:01:41.044674|[g:1][CONSENSUS]addRawPrepare,height=1,reqIdx=3,hash=e4af72b2...,time=0
info|2021-01-26 11:01:41.045022|[g:1][CONSENSUS][PBFT]checkTimeout Succ,view=571,toView=572,nodeIdx=1,changeCycle=1,myNode=a4a06f35...,timecost=0.257
info|2021-01-26 11:01:41.046221|[g:1][CONSENSUS][PBFT]checkAndChangeView: Reach consensus,org_view=571,cur_changeCycle=1,curView=571,view=572
info|2021-01-26 11:01:42.054918|[g:1][CONSENSUS]addRawPrepare,height=1,reqIdx=0,hash=81801d9e...,time=0
info|2021-01-26 11:01:42.055280|[g:1][CONSENSUS][PBFT]checkTimeout Succ,view=572,toView=573,nodeIdx=1,changeCycle=1,myNode=a4a06f35...,timecost=0.32
info|2021-01-26 11:01:42.056293|[g:1][CONSENSUS][PBFT]checkAndChangeView: Reach consensus,org_view=572,cur_changeCycle=1,curView=572,view=573
info|2021-01-26 11:01:42.483690|[P2P][Service] heartBeat,connected count=3
info|2021-01-26 11:01:43.075725|[g:1][CONSENSUS][SEALER]++++++++++++++++ Generating seal on,blkNum=1,tx=0,nodeIdx=1,hash=aa83b608...
info|2021-01-26 11:01:43.077981|[g:1][CONSENSUS][PBFT]checkTimeout Succ,view=573,toView=574,nodeIdx=1,changeCycle=1,myNode=a4a06f35...,timecost=0.3
info|2021-01-26 11:01:43.078349|[g:1][CONSENSUS][PBFT]checkAndChangeView: Reach consensus,org_view=573,cur_changeCycle=1,curView=573,view=574
info|2021-01-26 11:01:44.085458|[g:1][CONSENSUS]addRawPrepare,height=1,reqIdx=2,hash=b9960c37...,time=0
info|2021-01-26 11:01:44.085767|[g:1][CONSENSUS][PBFT]checkTimeout Succ,view=574,toView=575,nodeIdx=1,changeCycle=1,myNode=a4a06f35...,timecost=0.289
info|2021-01-26 11:01:44.086776|[g:1][CONSENSUS][PBFT]checkAndChangeView: Reach consensus,org_view=574,cur_changeCycle=1,curView=574,view=575
info|2021-01-26 11:01:45.090891|[g:1][CONSENSUS]addRawPrepare,height=1,reqIdx=3,hash=e437ccc4...,time=0
info|2021-01-26 11:01:45.091152|[g:1][CONSENSUS][PBFT]checkTimeout Succ,view=575,toView=576,nodeIdx=1,changeCycle=1,myNode=a4a06f35...,timecost=0.237
info|2021-01-26 11:01:45.092118|[g:1][CONSENSUS][PBFT]checkAndChangeView: Reach consensus,org_view=575,cur_changeCycle=1,curView=575,view=576
info|2021-01-26 11:01:46.100843|[g:1][CONSENSUS]addRawPrepare,height=1,reqIdx=0,hash=b054e208...,time=0
info|2021-01-26 11:01:46.101094|[g:1][CONSENSUS][PBFT]checkTimeout Succ,view=576,toView=577,nodeIdx=1,changeCycle=1,myNode=a4a06f35...,timecost=0.217
info|2021-01-26 11:01:46.101940|[g:1][CONSENSUS][PBFT]checkAndChangeView: Reach consensus,org_view=576,cur_changeCycle=1,curView=576,view=577
info|2021-01-26 11:01:47.101768|[g:1][CONSENSUS][SEALER]++++++++++++++++ Generating seal on,blkNum=1,tx=0,nodeIdx=1,hash=a581cacc...
info|2021-01-26 11:01:47.102475|[g:1][CONSENSUS][PBFT]checkTimeout Succ,view=577,toView=578,nodeIdx=1,changeCycle=1,myNode=a4a06f35...,timecost=0.406
info|2021-01-26 11:01:47.105504|[g:1][CONSENSUS][PBFT]checkAndChangeView: Reach consensus,org_view=577,cur_changeCycle=1,curView=577,view=578
info|2021-01-26 11:01:48.118880|[g:1][CONSENSUS]addRawPrepare,height=1,reqIdx=2,hash=74279e1a...,time=0
info|2021-01-26 11:01:48.119195|[g:1][CONSENSUS][PBFT]checkTimeout Succ,view=578,toView=579,nodeIdx=1,changeCycle=1,myNode=a4a06f35...,timecost=0.273
info|2021-01-26 11:01:48.120362|[g:1][CONSENSUS][PBFT]checkAndChangeView: Reach consensus,org_view=578,cur_changeCycle=1,curView=578,view=579
info|2021-01-26 11:01:49.125925|[g:1][CONSENSUS]addRawPrepare,height=1,reqIdx=3,hash=91623a89...,time=0
info|2021-01-26 11:01:49.126195|[g:1][CONSENSUS][PBFT]checkTimeout Succ,view=579,toView=580,nodeIdx=1,changeCycle=1,myNode=a4a06f35...,timecost=0.235
info|2021-01-26 11:01:49.126991|[g:1][CONSENSUS][PBFT]checkAndChangeView: Reach consensus,org_view=579,cur_changeCycle=1,curView=579,view=580
info|2021-01-26 11:01:50.139427|[g:1][CONSENSUS]addRawPrepare,height=1,reqIdx=0,hash=48041b65...,time=0
info|2021-01-26 11:01:50.139749|[g:1][CONSENSUS][PBFT]checkTimeout Succ,view=580,toView=581,nodeIdx=1,changeCycle=1,myNode=a4a06f35...,timecost=0.281
info|2021-01-26 11:01:50.140538|[g:1][CONSENSUS][PBFT]checkAndChangeView: Reach consensus,org_view=580,cur_changeCycle=1,curView=580,view=581
info|2021-01-26 11:01:51.143987|[g:1][CONSENSUS][SEALER]++++++++++++++++ Generating seal on,blkNum=1,tx=0,nodeIdx=1,hash=48087663...
info|2021-01-26 11:01:51.145737|[g:1][CONSENSUS][PBFT]checkTimeout Succ,view=581,toView=582,nodeIdx=1,changeCycle=1,myNode=a4a06f35...,timecost=0.168
info|2021-01-26 11:01:51.146103|[g:1][CONSENSUS][PBFT]checkAndChangeView: Reach consensus,org_view=581,cur_changeCycle=1,curView=581,view=582
info|2021-01-26 11:01:52.154252|[g:1][CONSENSUS]addRawPrepare,height=1,reqIdx=2,hash=95c27ade...,time=0
info|2021-01-26 11:01:52.154485|[g:1][CONSENSUS][PBFT]checkTimeout Succ,view=582,toView=583,nodeIdx=1,changeCycle=1,myNode=a4a06f35...,timecost=0.19
info|2021-01-26 11:01:52.155397|[g:1][CONSENSUS][PBFT]checkAndChangeView: Reach consensus,org_view=582,cur_changeCycle=1,curView=582,view=583
info|2021-01-26 11:01:52.484794|[P2P][Service] heartBeat,connected count=3
info|2021-01-26 11:01:53.156646|[g:1][CONSENSUS]addRawPrepare,height=1,reqIdx=3,hash=54f960a6...,time=0
info|2021-01-26 11:01:53.156940|[g:1][CONSENSUS][PBFT]checkTimeout Succ,view=583,toView=584,nodeIdx=1,changeCycle=1,myNode=a4a06f35...,timecost=0.259
info|2021-01-26 11:01:53.157917|[g:1][CONSENSUS][PBFT]checkAndChangeView: Reach consensus,org_view=583,cur_changeCycle=1,curView=583,view=584
info|2021-01-26 11:01:54.172216|[g:1][CONSENSUS]addRawPrepare,height=1,reqIdx=0,hash=96a776ec...,time=0
info|2021-01-26 11:01:54.172480|[g:1][CONSENSUS][PBFT]checkTimeout Succ,view=584,toView=585,nodeIdx=1,changeCycle=1,myNode=a4a06f35...,timecost=0.23
info|2021-01-26 11:01:54.173279|[g:1][CONSENSUS][PBFT]checkAndChangeView: Reach consensus,org_view=584,cur_changeCycle=1,curView=584,view=585
info|2021-01-26 11:01:55.186620|[g:1][CONSENSUS][SEALER]++++++++++++++++ Generating seal on,blkNum=1,tx=0,nodeIdx=1,hash=0d43752f...
info|2021-01-26 11:01:55.187599|[g:1][CONSENSUS][PBFT]checkTimeout Succ,view=585,toView=586,nodeIdx=1,changeCycle=1,myNode=a4a06f35...,timecost=0.324
info|2021-01-26 11:01:55.189221|[g:1][CONSENSUS][PBFT]checkAndChangeView: Reach consensus,org_view=585,cur_changeCycle=1,curView=585,view=586
info|2021-01-26 11:01:56.201889|[g:1][CONSENSUS]addRawPrepare,height=1,reqIdx=2,hash=a6d02b77...,time=0
info|2021-01-26 11:01:56.202138|[g:1][CONSENSUS][PBFT]checkTimeout Succ,view=586,toView=587,nodeIdx=1,changeCycle=1,myNode=a4a06f35...,timecost=0.211
info|2021-01-26 11:01:56.202835|[g:1][CONSENSUS][PBFT]checkAndChangeView: Reach consensus,org_view=586,cur_changeCycle=1,curView=586,view=587
info|2021-01-26 11:01:57.213874|[g:1][CONSENSUS]addRawPrepare,height=1,reqIdx=3,hash=94bafc6b...,time=0
info|2021-01-26 11:01:57.214171|[g:1][CONSENSUS][PBFT]checkTimeout Succ,view=587,toView=588,nodeIdx=1,changeCycle=1,myNode=a4a06f35...,timecost=0.255
info|2021-01-26 11:01:57.214819|[g:1][CONSENSUS][PBFT]checkAndChangeView: Reach consensus,org_view=587,cur_changeCycle=1,curView=587,view=588
info|2021-01-26 11:01:58.228822|[g:1][CONSENSUS]addRawPrepare,height=1,reqIdx=0,hash=0b0a1538...,time=0
info|2021-01-26 11:01:58.229110|[g:1][CONSENSUS][PBFT]checkTimeout Succ,view=588,toView=589,nodeIdx=1,changeCycle=1,myNode=a4a06f35...,timecost=0.252
info|2021-01-26 11:01:58.230112|[g:1][CONSENSUS][PBFT]checkAndChangeView: Reach consensus,org_view=588,cur_changeCycle=1,curView=588,view=589
info|2021-01-26 11:01:59.246086|[g:1][CONSENSUS][SEALER]++++++++++++++++ Generating seal on,blkNum=1,tx=0,nodeIdx=1,hash=ad212670...
info|2021-01-26 11:01:59.246700|[g:1][CONSENSUS][PBFT]checkTimeout Succ,view=589,toView=590,nodeIdx=1,changeCycle=1,myNode=a4a06f35...,timecost=0.264
info|2021-01-26 11:01:59.248378|[g:1][CONSENSUS][PBFT]checkAndChangeView: Reach consensus,org_view=589,cur_changeCycle=1,curView=589,view=590
info|2021-01-26 11:02:00.257099|[g:1][CONSENSUS]addRawPrepare,height=1,reqIdx=2,hash=8c28df2d...,time=0
info|2021-01-26 11:02:00.257372|[g:1][CONSENSUS][PBFT]checkTimeout Succ,view=590,toView=591,nodeIdx=1,changeCycle=1,myNode=a4a06f35...,timecost=0.231
info|2021-01-26 11:02:00.258281|[g:1][CONSENSUS][PBFT]checkAndChangeView: Reach consensus,org_view=590,cur_changeCycle=1,curView=590,view=591
info|2021-01-26 11:02:01.265909|[g:1][CONSENSUS]addRawPrepare,height=1,reqIdx=3,hash=35d6a710...,time=0
info|2021-01-26 11:02:01.266201|[g:1][CONSENSUS][PBFT]checkTimeout Succ,view=591,toView=592,nodeIdx=1,changeCycle=1,myNode=a4a06f35...,timecost=0.252
info|2021-01-26 11:02:01.267087|[g:1][CONSENSUS][PBFT]checkAndChangeView: Reach consensus,org_view=591,cur_changeCycle=1,curView=591,view=592
info|2021-01-26 11:02:02.280733|[g:1][CONSENSUS]addRawPrepare,height=1,reqIdx=0,hash=d5ca9299...,time=0
info|2021-01-26 11:02:02.281012|[g:1][CONSENSUS][PBFT]checkTimeout Succ,view=592,toView=593,nodeIdx=1,changeCycle=1,myNode=a4a06f35...,timecost=0.235
info|2021-01-26 11:02:02.281752|[g:1][CONSENSUS][PBFT]checkAndChangeView: Reach consensus,org_view=592,cur_changeCycle=1,curView=592,view=593
info|2021-01-26 11:02:02.485221|[P2P][Service] heartBeat,connected count=3
info|2021-01-26 11:02:03.281863|[g:1][CONSENSUS][SEALER]++++++++++++++++ Generating seal on,blkNum=1,tx=0,nodeIdx=1,hash=9a29a359...
info|2021-01-26 11:02:03.284361|[g:1][CONSENSUS][PBFT]checkTimeout Succ,view=593,toView=594,nodeIdx=1,changeCycle=1,myNode=a4a06f35...,timecost=0.279
info|2021-01-26 11:02:03.284760|[g:1][CONSENSUS][PBFT]checkAndChangeView: Reach consensus,org_view=593,cur_changeCycle=1,curView=593,view=594
info|2021-01-26 11:02:04.305526|[g:1][CONSENSUS]addRawPrepare,height=1,reqIdx=2,hash=25652738...,time=0
info|2021-01-26 11:02:04.305836|[g:1][CONSENSUS][PBFT]checkTimeout Succ,view=594,toView=595,nodeIdx=1,changeCycle=1,myNode=a4a06f35...,timecost=0.281
info|2021-01-26 11:02:04.306864|[g:1][CONSENSUS][PBFT]checkAndChangeView: Reach consensus,org_view=594,cur_changeCycle=1,curView=594,view=595
info|2021-01-26 11:02:05.314127|[g:1][CONSENSUS]addRawPrepare,height=1,reqIdx=3,hash=ed79e31a...,time=0
info|2021-01-26 11:02:05.314398|[g:1][CONSENSUS][PBFT]checkTimeout Succ,view=595,toView=596,nodeIdx=1,changeCycle=1,myNode=a4a06f35...,timecost=0.238
info|2021-01-26 11:02:05.315213|[g:1][CONSENSUS][PBFT]checkAndChangeView: Reach consensus,org_view=595,cur_changeCycle=1,curView=595,view=596
info|2021-01-26 11:02:06.324359|[g:1][CONSENSUS]addRawPrepare,height=1,reqIdx=0,hash=f490471c...,time=0
info|2021-01-26 11:02:06.324721|[g:1][CONSENSUS][PBFT]checkTimeout Succ,view=596,toView=597,nodeIdx=1,changeCycle=1,myNode=a4a06f35...,timecost=0.316
info|2021-01-26 11:02:06.325918|[g:1][CONSENSUS][PBFT]checkAndChangeView: Reach consensus,org_view=596,cur_changeCycle=1,curView=596,view=597
info|2021-01-26 11:02:07.333936|[g:1][CONSENSUS][SEALER]++++++++++++++++ Generating seal on,blkNum=1,tx=0,nodeIdx=1,hash=c6aebbe7...
info|2021-01-26 11:02:07.335906|[g:1][CONSENSUS][PBFT]checkTimeout Succ,view=597,toView=598,nodeIdx=1,changeCycle=1,myNode=a4a06f35...,timecost=0.189
info|2021-01-26 11:02:07.336381|[g:1][CONSENSUS][PBFT]checkAndChangeView: Reach consensus,org_view=597,cur_changeCycle=1,curView=597,view=598
info|2021-01-26 11:02:08.342833|[g:1][CONSENSUS]addRawPrepare,height=1,reqIdx=2,hash=508b7be4...,time=0
info|2021-01-26 11:02:08.343084|[g:1][CONSENSUS][PBFT]checkTimeout Succ,view=598,toView=599,nodeIdx=1,changeCycle=1,myNode=a4a06f35...,timecost=0.226
info|2021-01-26 11:02:08.344014|[g:1][CONSENSUS][PBFT]checkAndChangeView: Reach consensus,org_view=598,cur_changeCycle=1,curView=598,view=599
info|2021-01-26 11:02:09.351615|[g:1][CONSENSUS]addRawPrepare,height=1,reqIdx=3,hash=bdf377f0...,time=0
info|2021-01-26 11:02:09.351946|[g:1][CONSENSUS][PBFT]checkTimeout Succ,view=599,toView=600,nodeIdx=1,changeCycle=1,myNode=a4a06f35...,timecost=0.301
info|2021-01-26 11:02:09.352845|[g:1][CONSENSUS][PBFT]checkAndChangeView: Reach consensus,org_view=599,cur_changeCycle=1,curView=599,view=600
info|2021-01-26 11:02:10.361180|[g:1][CONSENSUS]addRawPrepare,height=1,reqIdx=0,hash=1916c288...,time=0
info|2021-01-26 11:02:10.361511|[g:1][CONSENSUS][PBFT]checkTimeout Succ,view=600,toView=601,nodeIdx=1,changeCycle=1,myNode=a4a06f35...,timecost=0.289
info|2021-01-26 11:02:10.362167|[g:1][CONSENSUS][PBFT]checkAndChangeView: Reach consensus,org_view=600,cur_changeCycle=1,curView=600,view=601
info|2021-01-26 11:02:11.369791|[g:1][CONSENSUS][SEALER]++++++++++++++++ Generating seal on,blkNum=1,tx=0,nodeIdx=1,hash=0a26c674...
info|2021-01-26 11:02:11.371901|[g:1][CONSENSUS][PBFT]checkTimeout Succ,view=601,toView=602,nodeIdx=1,changeCycle=1,myNode=a4a06f35...,timecost=0.249
info|2021-01-26 11:02:11.372222|[g:1][CONSENSUS][PBFT]checkAndChangeView: Reach consensus,org_view=601,cur_changeCycle=1,curView=601,view=602
info|2021-01-26 11:02:12.376442|[g:1][CONSENSUS]addRawPrepare,height=1,reqIdx=2,hash=071f44f8...,time=0
info|2021-01-26 11:02:12.376749|[g:1][CONSENSUS][PBFT]checkTimeout Succ,view=602,toView=603,nodeIdx=1,changeCycle=1,myNode=a4a06f35...,timecost=0.269
info|2021-01-26 11:02:12.377442|[g:1][CONSENSUS][PBFT]checkAndChangeView: Reach consensus,org_view=602,cur_changeCycle=1,curView=602,view=603
info|2021-01-26 11:02:12.486743|[P2P][Service] heartBeat,connected count=3
info|2021-01-26 11:02:13.399249|[g:1][CONSENSUS]addRawPrepare,height=1,reqIdx=3,hash=2795e820...,time=0
info|2021-01-26 11:02:13.399618|[g:1][CONSENSUS][PBFT]checkTimeout Succ,view=603,toView=604,nodeIdx=1,changeCycle=1,myNode=a4a06f35...,timecost=0.336
info|2021-01-26 11:02:13.400594|[g:1][CONSENSUS][PBFT]checkAndChangeView: Reach consensus,org_view=603,cur_changeCycle=1,curView=603,view=604
info|2021-01-26 11:02:14.420104|[g:1][CONSENSUS]addRawPrepare,height=1,reqIdx=0,hash=a24ef203...,time=0
info|2021-01-26 11:02:14.420374|[g:1][CONSENSUS][PBFT]checkTimeout Succ,view=604,toView=605,nodeIdx=1,changeCycle=1,myNode=a4a06f35...,timecost=0.24
info|2021-01-26 11:02:14.421056|[g:1][CONSENSUS][PBFT]checkAndChangeView: Reach consensus,org_view=604,cur_changeCycle=1,curView=604,view=605
info|2021-01-26 11:02:15.427921|[g:1][CONSENSUS][SEALER]++++++++++++++++ Generating seal on,blkNum=1,tx=0,nodeIdx=1,hash=084ae8a6...
info|2021-01-26 11:02:15.428452|[g:1][CONSENSUS][PBFT]checkTimeout Succ,view=605,toView=606,nodeIdx=1,changeCycle=1,myNode=a4a06f35...,timecost=0.265
info|2021-01-26 11:02:15.429846|[g:1][CONSENSUS][PBFT]checkAndChangeView: Reach consensus,org_view=605,cur_changeCycle=1,curView=605,view=606
info|2021-01-26 11:02:16.446377|[g:1][CONSENSUS]addRawPrepare,height=1,reqIdx=2,hash=47f5044a...,time=0
info|2021-01-26 11:02:16.446679|[g:1][CONSENSUS][PBFT]checkTimeout Succ,view=606,toView=607,nodeIdx=1,changeCycle=1,myNode=a4a06f35...,timecost=0.251
info|2021-01-26 11:02:16.447470|[g:1][CONSENSUS][PBFT]checkAndChangeView: Reach consensus,org_view=606,cur_changeCycle=1,curView=606,view=607
info|2021-01-26 11:02:17.454680|[g:1][CONSENSUS]addRawPrepare,height=1,reqIdx=3,hash=b6b8deb6...,time=0
info|2021-01-26 11:02:17.454950|[g:1][CONSENSUS][PBFT]checkTimeout Succ,view=607,toView=608,nodeIdx=1,changeCycle=1,myNode=a4a06f35...,timecost=0.233
info|2021-01-26 11:02:17.455903|[g:1][CONSENSUS][PBFT]checkAndChangeView: Reach consensus,org_view=607,cur_changeCycle=1,curView=607,view=608
info|2021-01-26 11:02:18.460947|[g:1][CONSENSUS]addRawPrepare,height=1,reqIdx=0,hash=986e23e8...,time=0
info|2021-01-26 11:02:18.461242|[g:1][CONSENSUS][PBFT]checkTimeout Succ,view=608,toView=609,nodeIdx=1,changeCycle=1,myNode=a4a06f35...,timecost=0.256
info|2021-01-26 11:02:18.462053|[g:1][CONSENSUS][PBFT]checkAndChangeView: Reach consensus,org_view=608,cur_changeCycle=1,curView=608,view=609
info|2021-01-26 11:02:19.466814|[g:1][CONSENSUS][SEALER]++++++++++++++++ Generating seal on,blkNum=1,tx=0,nodeIdx=1,hash=29efe7ec...
info|2021-01-26 11:02:19.468884|[g:1][CONSENSUS][PBFT]checkTimeout Succ,view=609,toView=610,nodeIdx=1,changeCycle=1,myNode=a4a06f35...,timecost=0.181
info|2021-01-26 11:02:19.469223|[g:1][CONSENSUS][PBFT]checkAndChangeView: Reach consensus,org_view=609,cur_changeCycle=1,curView=609,view=610
info|2021-01-26 11:02:20.482881|[g:1][CONSENSUS]addRawPrepare,height=1,reqIdx=2,hash=21bc18db...,time=0
info|2021-01-26 11:02:20.483141|[g:1][CONSENSUS][PBFT]checkTimeout Succ,view=610,toView=611,nodeIdx=1,changeCycle=1,myNode=a4a06f35...,timecost=0.234
info|2021-01-26 11:02:20.483790|[g:1][CONSENSUS][PBFT]checkAndChangeView: Reach consensus,org_view=610,cur_changeCycle=1,curView=610,view=611
info|2021-01-26 11:02:21.488265|[g:1][CONSENSUS]addRawPrepare,height=1,reqIdx=3,hash=ab02407f...,time=0
info|2021-01-26 11:02:21.488533|[g:1][CONSENSUS][PBFT]checkTimeout Succ,view=611,toView=612,nodeIdx=1,changeCycle=1,myNode=a4a06f35...,timecost=0.236
info|2021-01-26 11:02:21.489107|[g:1][CONSENSUS][PBFT]checkAndChangeView: Reach consensus,org_view=611,cur_changeCycle=1,curView=611,view=612
info|2021-01-26 11:02:22.487958|[P2P][Service] heartBeat,connected count=3
info|2021-01-26 11:02:22.512333|[g:1][CONSENSUS]addRawPrepare,height=1,reqIdx=0,hash=148c1d18...,time=0
info|2021-01-26 11:02:22.512635|[g:1][CONSENSUS][PBFT]checkTimeout Succ,view=612,toView=613,nodeIdx=1,changeCycle=1,myNode=a4a06f35...,timecost=0.25
info|2021-01-26 11:02:22.513676|[g:1][CONSENSUS][PBFT]checkAndChangeView: Reach consensus,org_view=612,cur_changeCycle=1,curView=612,view=613
info|2021-01-26 11:02:23.528744|[g:1][CONSENSUS][SEALER]++++++++++++++++ Generating seal on,blkNum=1,tx=0,nodeIdx=1,hash=e97af686...
info|2021-01-26 11:02:23.530927|[g:1][CONSENSUS][PBFT]checkTimeout Succ,view=613,toView=614,nodeIdx=1,changeCycle=1,myNode=a4a06f35...,timecost=0.281
info|2021-01-26 11:02:23.531394|[g:1][CONSENSUS][PBFT]checkAndChangeView: Reach consensus,org_view=613,cur_changeCycle=1,curView=613,view=614
info|2021-01-26 11:02:24.557293|[g:1][CONSENSUS]addRawPrepare,height=1,reqIdx=2,hash=e621f569...,time=0
info|2021-01-26 11:02:24.557567|[g:1][CONSENSUS][PBFT]checkTimeout Succ,view=614,toView=615,nodeIdx=1,changeCycle=1,myNode=a4a06f35...,timecost=0.236
info|2021-01-26 11:02:24.558255|[g:1][CONSENSUS][PBFT]checkAndChangeView: Reach consensus,org_view=614,cur_changeCycle=1,curView=614,view=615
info|2021-01-26 11:02:25.569584|[g:1][CONSENSUS]addRawPrepare,height=1,reqIdx=3,hash=3d0e49fc...,time=0
info|2021-01-26 11:02:25.569892|[g:1][CONSENSUS][PBFT]checkTimeout Succ,view=615,toView=616,nodeIdx=1,changeCycle=1,myNode=a4a06f35...,timecost=0.273
info|2021-01-26 11:02:25.570683|[g:1][CONSENSUS][PBFT]checkAndChangeView: Reach consensus,org_view=615,cur_changeCycle=1,curView=615,view=616
info|2021-01-26 11:02:26.572484|[g:1][CONSENSUS]addRawPrepare,height=1,reqIdx=0,hash=75e772e2...,time=0
info|2021-01-26 11:02:26.572725|[g:1][CONSENSUS][PBFT]checkTimeout Succ,view=616,toView=617,nodeIdx=1,changeCycle=1,myNode=a4a06f35...,timecost=0.194
info|2021-01-26 11:02:26.573679|[g:1][CONSENSUS][PBFT]checkAndChangeView: Reach consensus,org_view=616,cur_changeCycle=1,curView=616,view=617
info|2021-01-26 11:02:27.581247|[g:1][CONSENSUS][SEALER]++++++++++++++++ Generating seal on,blkNum=1,tx=0,nodeIdx=1,hash=b0ccc766...
info|2021-01-26 11:02:27.583246|[g:1][CONSENSUS][PBFT]checkTimeout Succ,view=617,toView=618,nodeIdx=1,changeCycle=1,myNode=a4a06f35...,timecost=0.179
info|2021-01-26 11:02:27.583549|[g:1][CONSENSUS][PBFT]checkAndChangeView: Reach consensus,org_view=617,cur_changeCycle=1,curView=617,view=618
info|2021-01-26 11:02:28.588348|[g:1][CONSENSUS]addRawPrepare,height=1,reqIdx=2,hash=dbb91980...,time=0
info|2021-01-26 11:02:28.588654|[g:1][CONSENSUS][PBFT]checkTimeout Succ,view=618,toView=619,nodeIdx=1,changeCycle=1,myNode=a4a06f35...,timecost=0.231
info|2021-01-26 11:02:28.589423|[g:1][CONSENSUS][PBFT]checkAndChangeView: Reach consensus,org_view=618,cur_changeCycle=1,curView=618,view=619
info|2021-01-26 11:02:29.597896|[g:1][CONSENSUS]addRawPrepare,height=1,reqIdx=3,hash=6ad3db72...,time=0
info|2021-01-26 11:02:29.598214|[g:1][CONSENSUS][PBFT]checkTimeout Succ,view=619,toView=620,nodeIdx=1,changeCycle=1,myNode=a4a06f35...,timecost=0.279
info|2021-01-26 11:02:29.599163|[g:1][CONSENSUS][PBFT]checkAndChangeView: Reach consensus,org_view=619,cur_changeCycle=1,curView=619,view=620
info|2021-01-26 11:02:30.614532|[g:1][CONSENSUS]addRawPrepare,height=1,reqIdx=0,hash=86feabf9...,time=0
info|2021-01-26 11:02:30.614791|[g:1][CONSENSUS][PBFT]checkTimeout Succ,view=620,toView=621,nodeIdx=1,changeCycle=1,myNode=a4a06f35...,timecost=0.219
info|2021-01-26 11:02:30.615431|[g:1][CONSENSUS][PBFT]checkAndChangeView: Reach consensus,org_view=620,cur_changeCycle=1,curView=620,view=621
info|2021-01-26 11:02:31.623759|[g:1][CONSENSUS][SEALER]++++++++++++++++ Generating seal on,blkNum=1,tx=0,nodeIdx=1,hash=d4758584...
info|2021-01-26 11:02:31.624426|[g:1][CONSENSUS][PBFT]checkTimeout Succ,view=621,toView=622,nodeIdx=1,changeCycle=1,myNode=a4a06f35...,timecost=0.328
info|2021-01-26 11:02:31.625995|[g:1][CONSENSUS][PBFT]checkAndChangeView: Reach consensus,org_view=621,cur_changeCycle=1,curView=621,view=622
info|2021-01-26 11:02:32.488350|[P2P][Service] heartBeat,connected count=3
info|2021-01-26 11:02:32.628932|[g:1][CONSENSUS]addRawPrepare,height=1,reqIdx=2,hash=c4fdddb4...,time=0
info|2021-01-26 11:02:32.629188|[g:1][CONSENSUS][PBFT]checkTimeout Succ,view=622,toView=623,nodeIdx=1,changeCycle=1,myNode=a4a06f35...,timecost=0.228
info|2021-01-26 11:02:32.630271|[g:1][CONSENSUS][PBFT]checkAndChangeView: Reach consensus,org_view=622,cur_changeCycle=1,curView=622,view=623
info|2021-01-26 11:02:33.639109|[g:1][CONSENSUS]addRawPrepare,height=1,reqIdx=3,hash=3f6a53dd...,time=0
info|2021-01-26 11:02:33.639372|[g:1][CONSENSUS][PBFT]checkTimeout Succ,view=623,toView=624,nodeIdx=1,changeCycle=1,myNode=a4a06f35...,timecost=0.236
info|2021-01-26 11:02:33.640285|[g:1][CONSENSUS][PBFT]checkAndChangeView: Reach consensus,org_view=623,cur_changeCycle=1,curView=623,view=624
info|2021-01-26 11:02:34.645936|[g:1][CONSENSUS]addRawPrepare,height=1,reqIdx=0,hash=8cc23ceb...,time=0
info|2021-01-26 11:02:34.646209|[g:1][CONSENSUS][PBFT]checkTimeout Succ,view=624,toView=625,nodeIdx=1,changeCycle=1,myNode=a4a06f35...,timecost=0.248
info|2021-01-26 11:02:34.647636|[g:1][CONSENSUS][PBFT]checkAndChangeView: Reach consensus,org_view=624,cur_changeCycle=1,curView=624,view=625
info|2021-01-26 11:02:35.657981|[g:1][CONSENSUS][SEALER]++++++++++++++++ Generating seal on,blkNum=1,tx=0,nodeIdx=1,hash=ae7474d9...
info|2021-01-26 11:02:35.658585|[g:1][CONSENSUS][PBFT]checkTimeout Succ,view=625,toView=626,nodeIdx=1,changeCycle=1,myNode=a4a06f35...,timecost=0.291
info|2021-01-26 11:02:35.660128|[g:1][CONSENSUS][PBFT]checkAndChangeView: Reach consensus,org_view=625,cur_changeCycle=1,curView=625,view=626
info|2021-01-26 11:02:36.666387|[g:1][CONSENSUS]addRawPrepare,height=1,reqIdx=2,hash=4253dc72...,time=0
info|2021-01-26 11:02:36.666662|[g:1][CONSENSUS][PBFT]checkTimeout Succ,view=626,toView=627,nodeIdx=1,changeCycle=1,myNode=a4a06f35...,timecost=0.247
info|2021-01-26 11:02:36.668118|[g:1][CONSENSUS][PBFT]checkAndChangeView: Reach consensus,org_view=626,cur_changeCycle=1,curView=626,view=627
info|2021-01-26 11:02:37.674009|[g:1][CONSENSUS]addRawPrepare,height=1,reqIdx=3,hash=149dcfdf...,time=1
info|2021-01-26 11:02:37.674283|[g:1][CONSENSUS][PBFT]checkTimeout Succ,view=627,toView=628,nodeIdx=1,changeCycle=1,myNode=a4a06f35...,timecost=0.232
info|2021-01-26 11:02:37.675213|[g:1][CONSENSUS][PBFT]checkAndChangeView: Reach consensus,org_view=627,cur_changeCycle=1,curView=627,view=628
info|2021-01-26 11:02:38.687524|[g:1][CONSENSUS]addRawPrepare,height=1,reqIdx=0,hash=92a02c58...,time=0
info|2021-01-26 11:02:38.687785|[g:1][CONSENSUS][PBFT]checkTimeout Succ,view=628,toView=629,nodeIdx=1,changeCycle=1,myNode=a4a06f35...,timecost=0.218
info|2021-01-26 11:02:38.688708|[g:1][CONSENSUS][PBFT]checkAndChangeView: Reach consensus,org_view=628,cur_changeCycle=1,curView=628,view=629
info|2021-01-26 11:02:39.692844|[g:1][CONSENSUS][SEALER]++++++++++++++++ Generating seal on,blkNum=1,tx=0,nodeIdx=1,hash=2a078bc8...
info|2021-01-26 11:02:39.694898|[g:1][CONSENSUS][PBFT]checkTimeout Succ,view=629,toView=630,nodeIdx=1,changeCycle=1,myNode=a4a06f35...,timecost=0.284
info|2021-01-26 11:02:39.695260|[g:1][CONSENSUS][PBFT]checkAndChangeView: Reach consensus,org_view=629,cur_changeCycle=1,curView=629,view=630
info|2021-01-26 11:02:40.699887|[g:1][CONSENSUS]addRawPrepare,height=1,reqIdx=2,hash=ccd1127e...,time=0
info|2021-01-26 11:02:40.700223|[g:1][CONSENSUS][PBFT]checkTimeout Succ,view=630,toView=631,nodeIdx=1,changeCycle=1,myNode=a4a06f35...,timecost=0.302
info|2021-01-26 11:02:40.701211|[g:1][CONSENSUS][PBFT]checkAndChangeView: Reach consensus,org_view=630,cur_changeCycle=1,curView=630,view=631
info|2021-01-26 11:02:41.707668|[g:1][CONSENSUS]addRawPrepare,height=1,reqIdx=3,hash=45ebd08e...,time=0
info|2021-01-26 11:02:41.707973|[g:1][CONSENSUS][PBFT]checkTimeout Succ,view=631,toView=632,nodeIdx=1,changeCycle=1,myNode=a4a06f35...,timecost=0.265
info|2021-01-26 11:02:41.708687|[g:1][CONSENSUS][PBFT]checkAndChangeView: Reach consensus,org_view=631,cur_changeCycle=1,curView=631,view=632
info|2021-01-26 11:02:42.489178|[P2P][Service] heartBeat,connected count=3
info|2021-01-26 11:02:42.720514|[g:1][CONSENSUS]addRawPrepare,height=1,reqIdx=0,hash=c707f998...,time=0
info|2021-01-26 11:02:42.720834|[g:1][CONSENSUS][PBFT]checkTimeout Succ,view=632,toView=633,nodeIdx=1,changeCycle=1,myNode=a4a06f35...,timecost=0.274
info|2021-01-26 11:02:42.721467|[g:1][CONSENSUS][PBFT]checkAndChangeView: Reach consensus,org_view=632,cur_changeCycle=1,curView=632,view=633
info|2021-01-26 11:02:43.723798|[g:1][CONSENSUS][SEALER]++++++++++++++++ Generating seal on,blkNum=1,tx=0,nodeIdx=1,hash=7644c4e5...
info|2021-01-26 11:02:43.724278|[g:1][CONSENSUS][PBFT]checkTimeout Succ,view=633,toView=634,nodeIdx=1,changeCycle=1,myNode=a4a06f35...,timecost=0.24
info|2021-01-26 11:02:43.725825|[g:1][CONSENSUS][PBFT]checkAndChangeView: Reach consensus,org_view=633,cur_changeCycle=1,curView=633,view=634
info|2021-01-26 11:02:44.731759|[g:1][CONSENSUS]addRawPrepare,height=1,reqIdx=2,hash=2c797208...,time=0
info|2021-01-26 11:02:44.732038|[g:1][CONSENSUS][PBFT]checkTimeout Succ,view=634,toView=635,nodeIdx=1,changeCycle=1,myNode=a4a06f35...,timecost=0.238
info|2021-01-26 11:02:44.732867|[g:1][CONSENSUS][PBFT]checkAndChangeView: Reach consensus,org_view=634,cur_changeCycle=1,curView=634,view=635
info|2021-01-26 11:02:45.742138|[g:1][CONSENSUS]addRawPrepare,height=1,reqIdx=3,hash=f6b938ad...,time=0
info|2021-01-26 11:02:45.742421|[g:1][CONSENSUS][PBFT]checkTimeout Succ,view=635,toView=636,nodeIdx=1,changeCycle=1,myNode=a4a06f35...,timecost=0.228
info|2021-01-26 11:02:45.743117|[g:1][CONSENSUS][PBFT]checkAndChangeView: Reach consensus,org_view=635,cur_changeCycle=1,curView=635,view=636
info|2021-01-26 11:02:46.749178|[g:1][CONSENSUS]addRawPrepare,height=1,reqIdx=0,hash=295a6447...,time=0
info|2021-01-26 11:02:46.749470|[g:1][CONSENSUS][PBFT]checkTimeout Succ,view=636,toView=637,nodeIdx=1,changeCycle=1,myNode=a4a06f35...,timecost=0.251
info|2021-01-26 11:02:46.750314|[g:1][CONSENSUS][PBFT]checkAndChangeView: Reach consensus,org_view=636,cur_changeCycle=1,curView=636,view=637
info|2021-01-26 11:02:47.758098|[g:1][CONSENSUS][SEALER]++++++++++++++++ Generating seal on,blkNum=1,tx=0,nodeIdx=1,hash=b7368f81...
info|2021-01-26 11:02:47.760184|[g:1][CONSENSUS][PBFT]checkTimeout Succ,view=637,toView=638,nodeIdx=1,changeCycle=1,myNode=a4a06f35...,timecost=0.205
info|2021-01-26 11:02:47.760564|[g:1][CONSENSUS][PBFT]checkAndChangeView: Reach consensus,org_view=637,cur_changeCycle=1,curView=637,view=638
info|2021-01-26 11:02:48.766402|[g:1][CONSENSUS]addRawPrepare,height=1,reqIdx=2,hash=2a26ab62...,time=0
info|2021-01-26 11:02:48.766713|[g:1][CONSENSUS][PBFT]checkTimeout Succ,view=638,toView=639,nodeIdx=1,changeCycle=1,myNode=a4a06f35...,timecost=0.273
info|2021-01-26 11:02:48.767395|[g:1][CONSENSUS][PBFT]checkAndChangeView: Reach consensus,org_view=638,cur_changeCycle=1,curView=638,view=639
info|2021-01-26 11:02:49.775767|[g:1][CONSENSUS]addRawPrepare,height=1,reqIdx=3,hash=8f6a0528...,time=0
info|2021-01-26 11:02:49.776069|[g:1][CONSENSUS][PBFT]checkTimeout Succ,view=639,toView=640,nodeIdx=1,changeCycle=1,myNode=a4a06f35...,timecost=0.257
info|2021-01-26 11:02:49.777106|[g:1][CONSENSUS][PBFT]checkAndChangeView: Reach consensus,org_view=639,cur_changeCycle=1,curView=639,view=640
info|2021-01-26 11:02:50.782575|[g:1][CONSENSUS]addRawPrepare,height=1,reqIdx=0,hash=e522d3f8...,time=0
info|2021-01-26 11:02:50.782877|[g:1][CONSENSUS][PBFT]checkTimeout Succ,view=640,toView=641,nodeIdx=1,changeCycle=1,myNode=a4a06f35...,timecost=0.27
info|2021-01-26 11:02:50.783750|[g:1][CONSENSUS][PBFT]checkAndChangeView: Reach consensus,org_view=640,cur_changeCycle=1,curView=640,view=641
info|2021-01-26 11:02:51.789770|[g:1][CONSENSUS][SEALER]++++++++++++++++ Generating seal on,blkNum=1,tx=0,nodeIdx=1,hash=a6adfd46...
info|2021-01-26 11:02:51.791894|[g:1][CONSENSUS][PBFT]checkTimeout Succ,view=641,toView=642,nodeIdx=1,changeCycle=1,myNode=a4a06f35...,timecost=0.248
info|2021-01-26 11:02:51.792274|[g:1][CONSENSUS][PBFT]checkAndChangeView: Reach consensus,org_view=641,cur_changeCycle=1,curView=641,view=642
info|2021-01-26 11:02:52.490524|[P2P][Service] heartBeat,connected count=3
info|2021-01-26 11:02:52.799810|[g:1][CONSENSUS]addRawPrepare,height=1,reqIdx=2,hash=7c2190f1...,time=0
info|2021-01-26 11:02:52.800125|[g:1][CONSENSUS][PBFT]checkTimeout Succ,view=642,toView=643,nodeIdx=1,changeCycle=1,myNode=a4a06f35...,timecost=0.275
info|2021-01-26 11:02:52.800918|[g:1][CONSENSUS][PBFT]checkAndChangeView: Reach consensus,org_view=642,cur_changeCycle=1,curView=642,view=643
info|2021-01-26 11:02:53.808934|[g:1][CONSENSUS]addRawPrepare,height=1,reqIdx=3,hash=96828c40...,time=0
info|2021-01-26 11:02:53.809226|[g:1][CONSENSUS][PBFT]checkTimeout Succ,view=643,toView=644,nodeIdx=1,changeCycle=1,myNode=a4a06f35...,timecost=0.251
info|2021-01-26 11:02:53.810026|[g:1][CONSENSUS][PBFT]checkAndChangeView: Reach consensus,org_view=643,cur_changeCycle=1,curView=643,view=644
info|2021-01-26 11:02:54.819059|[g:1][CONSENSUS]addRawPrepare,height=1,reqIdx=0,hash=84b511ff...,time=0
info|2021-01-26 11:02:54.819353|[g:1][CONSENSUS][PBFT]checkTimeout Succ,view=644,toView=645,nodeIdx=1,changeCycle=1,myNode=a4a06f35...,timecost=0.258
info|2021-01-26 11:02:54.820129|[g:1][CONSENSUS][PBFT]checkAndChangeView: Reach consensus,org_view=644,cur_changeCycle=1,curView=644,view=645
info|2021-01-26 11:02:55.826841|[g:1][CONSENSUS][SEALER]++++++++++++++++ Generating seal on,blkNum=1,tx=0,nodeIdx=1,hash=1e8c8afd...
info|2021-01-26 11:02:55.827495|[g:1][CONSENSUS][PBFT]checkTimeout Succ,view=645,toView=646,nodeIdx=1,changeCycle=1,myNode=a4a06f35...,timecost=0.339
info|2021-01-26 11:02:55.829105|[g:1][CONSENSUS][PBFT]checkAndChangeView: Reach consensus,org_view=645,cur_changeCycle=1,curView=645,view=646
info|2021-01-26 11:02:56.837628|[g:1][CONSENSUS]addRawPrepare,height=1,reqIdx=2,hash=818d2789...,time=0
info|2021-01-26 11:02:56.837883|[g:1][CONSENSUS][PBFT]checkTimeout Succ,view=646,toView=647,nodeIdx=1,changeCycle=1,myNode=a4a06f35...,timecost=0.266
info|2021-01-26 11:02:56.838615|[g:1][CONSENSUS][PBFT]checkAndChangeView: Reach consensus,org_view=646,cur_changeCycle=1,curView=646,view=647
info|2021-01-26 11:02:57.844101|[g:1][CONSENSUS]addRawPrepare,height=1,reqIdx=3,hash=35a714dc...,time=0
info|2021-01-26 11:02:57.844378|[g:1][CONSENSUS][PBFT]checkTimeout Succ,view=647,toView=648,nodeIdx=1,changeCycle=1,myNode=a4a06f35...,timecost=0.239
info|2021-01-26 11:02:57.845192|[g:1][CONSENSUS][PBFT]checkAndChangeView: Reach consensus,org_view=647,cur_changeCycle=1,curView=647,view=648
info|2021-01-26 11:02:58.854025|[g:1][CONSENSUS]addRawPrepare,height=1,reqIdx=0,hash=fb41007e...,time=0
info|2021-01-26 11:02:58.854312|[g:1][CONSENSUS][PBFT]checkTimeout Succ,view=648,toView=649,nodeIdx=1,changeCycle=1,myNode=a4a06f35...,timecost=0.252
info|2021-01-26 11:02:58.854724|[g:1][CONSENSUS][PBFT]checkAndChangeView: Reach consensus,org_view=648,cur_changeCycle=1,curView=648,view=649
info|2021-01-26 11:02:59.860130|[g:1][CONSENSUS][SEALER]++++++++++++++++ Generating seal on,blkNum=1,tx=0,nodeIdx=1,hash=ead43a3f...
info|2021-01-26 11:02:59.862220|[g:1][CONSENSUS][PBFT]checkTimeout Succ,view=649,toView=650,nodeIdx=1,changeCycle=1,myNode=a4a06f35...,timecost=0.19
info|2021-01-26 11:02:59.862572|[g:1][CONSENSUS][PBFT]checkAndChangeView: Reach consensus,org_view=649,cur_changeCycle=1,curView=649,view=650
info|2021-01-26 11:03:00.869604|[g:1][CONSENSUS]addRawPrepare,height=1,reqIdx=2,hash=46f2cf26...,time=0
info|2021-01-26 11:03:00.869929|[g:1][CONSENSUS][PBFT]checkTimeout Succ,view=650,toView=651,nodeIdx=1,changeCycle=1,myNode=a4a06f35...,timecost=0.272
info|2021-01-26 11:03:00.870730|[g:1][CONSENSUS][PBFT]checkAndChangeView: Reach consensus,org_view=650,cur_changeCycle=1,curView=650,view=651
info|2021-01-26 11:03:01.874736|[g:1][CONSENSUS]addRawPrepare,height=1,reqIdx=3,hash=19058fb9...,time=0
info|2021-01-26 11:03:01.874981|[g:1][CONSENSUS][PBFT]checkTimeout Succ,view=651,toView=652,nodeIdx=1,changeCycle=1,myNode=a4a06f35...,timecost=0.196
info|2021-01-26 11:03:01.875963|[g:1][CONSENSUS][PBFT]checkAndChangeView: Reach consensus,org_view=651,cur_changeCycle=1,curView=651,view=652
info|2021-01-26 11:03:02.491497|[P2P][Service] heartBeat,connected count=3
info|2021-01-26 11:03:02.891320|[g:1][CONSENSUS]addRawPrepare,height=1,reqIdx=0,hash=db2f13ea...,time=0
info|2021-01-26 11:03:02.891585|[g:1][CONSENSUS][PBFT]checkTimeout Succ,view=652,toView=653,nodeIdx=1,changeCycle=1,myNode=a4a06f35...,timecost=0.215
info|2021-01-26 11:03:02.892715|[g:1][CONSENSUS][PBFT]checkAndChangeView: Reach consensus,org_view=652,cur_changeCycle=1,curView=652,view=653
info|2021-01-26 11:03:03.894508|[g:1][CONSENSUS][SEALER]++++++++++++++++ Generating seal on,blkNum=1,tx=0,nodeIdx=1,hash=40bc46ec...
info|2021-01-26 11:03:03.895136|[g:1][CONSENSUS][PBFT]checkTimeout Succ,view=653,toView=654,nodeIdx=1,changeCycle=1,myNode=a4a06f35...,timecost=0.221
info|2021-01-26 11:03:03.896746|[g:1][CONSENSUS][PBFT]checkAndChangeView: Reach consensus,org_view=653,cur_changeCycle=1,curView=653,view=654
info|2021-01-26 11:03:04.899773|[g:1][CONSENSUS]addRawPrepare,height=1,reqIdx=2,hash=be7e2178...,time=0
info|2021-01-26 11:03:04.900141|[g:1][CONSENSUS][PBFT]checkTimeout Succ,view=654,toView=655,nodeIdx=1,changeCycle=1,myNode=a4a06f35...,timecost=0.33
info|2021-01-26 11:03:04.900937|[g:1][CONSENSUS][PBFT]checkAndChangeView: Reach consensus,org_view=654,cur_changeCycle=1,curView=654,view=655
info|2021-01-26 11:03:05.921790|[g:1][CONSENSUS]addRawPrepare,height=1,reqIdx=3,hash=14898288...,time=0
info|2021-01-26 11:03:05.922098|[g:1][CONSENSUS][PBFT]checkTimeout Succ,view=655,toView=656,nodeIdx=1,changeCycle=1,myNode=a4a06f35...,timecost=0.275
info|2021-01-26 11:03:05.922778|[g:1][CONSENSUS][PBFT]checkAndChangeView: Reach consensus,org_view=655,cur_changeCycle=1,curView=655,view=656
info|2021-01-26 11:03:06.929531|[g:1][CONSENSUS]addRawPrepare,height=1,reqIdx=0,hash=50932c3f...,time=0
info|2021-01-26 11:03:06.929943|[g:1][CONSENSUS][PBFT]checkTimeout Succ,view=656,toView=657,nodeIdx=1,changeCycle=1,myNode=a4a06f35...,timecost=0.333
info|2021-01-26 11:03:06.930695|[g:1][CONSENSUS][PBFT]checkAndChangeView: Reach consensus,org_view=656,cur_changeCycle=1,curView=656,view=657
info|2021-01-26 11:03:07.934526|[g:1][CONSENSUS][SEALER]++++++++++++++++ Generating seal on,blkNum=1,tx=0,nodeIdx=1,hash=c7563f5d...
info|2021-01-26 11:03:07.936547|[g:1][CONSENSUS][PBFT]checkTimeout Succ,view=657,toView=658,nodeIdx=1,changeCycle=1,myNode=a4a06f35...,timecost=0.258
info|2021-01-26 11:03:07.936934|[g:1][CONSENSUS][PBFT]checkAndChangeView: Reach consensus,org_view=657,cur_changeCycle=1,curView=657,view=658
info|2021-01-26 11:03:08.943657|[g:1][CONSENSUS]addRawPrepare,height=1,reqIdx=2,hash=0f5defdb...,time=0
info|2021-01-26 11:03:08.943905|[g:1][CONSENSUS][PBFT]checkTimeout Succ,view=658,toView=659,nodeIdx=1,changeCycle=1,myNode=a4a06f35...,timecost=0.22
info|2021-01-26 11:03:08.944607|[g:1][CONSENSUS][PBFT]checkAndChangeView: Reach consensus,org_view=658,cur_changeCycle=1,curView=658,view=659
info|2021-01-26 11:03:09.952467|[g:1][CONSENSUS]addRawPrepare,height=1,reqIdx=3,hash=344d9317...,time=0
info|2021-01-26 11:03:09.952756|[g:1][CONSENSUS][PBFT]checkTimeout Succ,view=659,toView=660,nodeIdx=1,changeCycle=1,myNode=a4a06f35...,timecost=0.28
info|2021-01-26 11:03:09.953754|[g:1][CONSENSUS][PBFT]checkAndChangeView: Reach consensus,org_view=659,cur_changeCycle=1,curView=659,view=660
info|2021-01-26 11:03:10.961061|[g:1][CONSENSUS]addRawPrepare,height=1,reqIdx=0,hash=70707021...,time=0
info|2021-01-26 11:03:10.961351|[g:1][CONSENSUS][PBFT]checkTimeout Succ,view=660,toView=661,nodeIdx=1,changeCycle=1,myNode=a4a06f35...,timecost=0.243
info|2021-01-26 11:03:10.962010|[g:1][CONSENSUS][PBFT]checkAndChangeView: Reach consensus,org_view=660,cur_changeCycle=1,curView=660,view=661
info|2021-01-26 11:03:11.966817|[g:1][CONSENSUS][SEALER]++++++++++++++++ Generating seal on,blkNum=1,tx=0,nodeIdx=1,hash=873aa481...
info|2021-01-26 11:03:11.967436|[g:1][CONSENSUS][PBFT]checkTimeout Succ,view=661,toView=662,nodeIdx=1,changeCycle=1,myNode=a4a06f35...,timecost=0.194
info|2021-01-26 11:03:11.969280|[g:1][CONSENSUS][PBFT]checkAndChangeView: Reach consensus,org_view=661,cur_changeCycle=1,curView=661,view=662
info|2021-01-26 11:03:12.491989|[P2P][Service] heartBeat,connected count=3
info|2021-01-26 11:03:12.978364|[g:1][CONSENSUS]addRawPrepare,height=1,reqIdx=2,hash=c9ebe38f...,time=0
info|2021-01-26 11:03:12.978629|[g:1][CONSENSUS][PBFT]checkTimeout Succ,view=662,toView=663,nodeIdx=1,changeCycle=1,myNode=a4a06f35...,timecost=0.218
info|2021-01-26 11:03:12.979537|[g:1][CONSENSUS][PBFT]checkAndChangeView: Reach consensus,org_view=662,cur_changeCycle=1,curView=662,view=663
info|2021-01-26 11:03:13.988203|[g:1][CONSENSUS]addRawPrepare,height=1,reqIdx=3,hash=9e55c8ae...,time=0
info|2021-01-26 11:03:13.988457|[g:1][CONSENSUS][PBFT]checkTimeout Succ,view=663,toView=664,nodeIdx=1,changeCycle=1,myNode=a4a06f35...,timecost=0.224
info|2021-01-26 11:03:13.989250|[g:1][CONSENSUS][PBFT]checkAndChangeView: Reach consensus,org_view=663,cur_changeCycle=1,curView=663,view=664
info|2021-01-26 11:03:14.993652|[g:1][CONSENSUS]addRawPrepare,height=1,reqIdx=0,hash=d9dd79fe...,time=0
info|2021-01-26 11:03:14.993993|[g:1][CONSENSUS][PBFT]checkTimeout Succ,view=664,toView=665,nodeIdx=1,changeCycle=1,myNode=a4a06f35...,timecost=0.313
info|2021-01-26 11:03:14.995010|[g:1][CONSENSUS][PBFT]checkAndChangeView: Reach consensus,org_view=664,cur_changeCycle=1,curView=664,view=665
info|2021-01-26 11:03:16.005586|[g:1][CONSENSUS][SEALER]++++++++++++++++ Generating seal on,blkNum=1,tx=0,nodeIdx=1,hash=5e554d17...
info|2021-01-26 11:03:16.006015|[g:1][CONSENSUS][PBFT]checkTimeout Succ,view=665,toView=666,nodeIdx=1,changeCycle=1,myNode=a4a06f35...,timecost=0.186
info|2021-01-26 11:03:16.007786|[g:1][CONSENSUS][PBFT]checkAndChangeView: Reach consensus,org_view=665,cur_changeCycle=1,curView=665,view=666
info|2021-01-26 11:03:17.016087|[g:1][CONSENSUS]addRawPrepare,height=1,reqIdx=2,hash=1230409e...,time=0
info|2021-01-26 11:03:17.016337|[g:1][CONSENSUS][PBFT]checkTimeout Succ,view=666,toView=667,nodeIdx=1,changeCycle=1,myNode=a4a06f35...,timecost=0.206
info|2021-01-26 11:03:17.017212|[g:1][CONSENSUS][PBFT]checkAndChangeView: Reach consensus,org_view=666,cur_changeCycle=1,curView=666,view=667
info|2021-01-26 11:03:18.027210|[g:1][CONSENSUS]addRawPrepare,height=1,reqIdx=3,hash=3f7aeaaa...,time=0
info|2021-01-26 11:03:18.027466|[g:1][CONSENSUS][PBFT]checkTimeout Succ,view=667,toView=668,nodeIdx=1,changeCycle=1,myNode=a4a06f35...,timecost=0.224
info|2021-01-26 11:03:18.028092|[g:1][CONSENSUS][PBFT]checkAndChangeView: Reach consensus,org_view=667,cur_changeCycle=1,curView=667,view=668
info|2021-01-26 11:03:19.041977|[g:1][CONSENSUS]addRawPrepare,height=1,reqIdx=0,hash=7b044256...,time=0
info|2021-01-26 11:03:19.042259|[g:1][CONSENSUS][PBFT]checkTimeout Succ,view=668,toView=669,nodeIdx=1,changeCycle=1,myNode=a4a06f35...,timecost=0.244
info|2021-01-26 11:03:19.043125|[g:1][CONSENSUS][PBFT]checkAndChangeView: Reach consensus,org_view=668,cur_changeCycle=1,curView=668,view=669
info|2021-01-26 11:03:20.057190|[g:1][CONSENSUS][SEALER]++++++++++++++++ Generating seal on,blkNum=1,tx=0,nodeIdx=1,hash=7244d87c...
info|2021-01-26 11:03:20.059545|[g:1][CONSENSUS][PBFT]checkTimeout Succ,view=669,toView=670,nodeIdx=1,changeCycle=1,myNode=a4a06f35...,timecost=0.31
info|2021-01-26 11:03:20.059888|[g:1][CONSENSUS][PBFT]checkAndChangeView: Reach consensus,org_view=669,cur_changeCycle=1,curView=669,view=670
info|2021-01-26 11:03:21.068114|[g:1][CONSENSUS]addRawPrepare,height=1,reqIdx=2,hash=486ead6a...,time=0
info|2021-01-26 11:03:21.068406|[g:1][CONSENSUS][PBFT]checkTimeout Succ,view=670,toView=671,nodeIdx=1,changeCycle=1,myNode=a4a06f35...,timecost=0.251
info|2021-01-26 11:03:21.069199|[g:1][CONSENSUS][PBFT]checkAndChangeView: Reach consensus,org_view=670,cur_changeCycle=1,curView=670,view=671
info|2021-01-26 11:03:22.076204|[g:1][CONSENSUS]addRawPrepare,height=1,reqIdx=3,hash=e94a24ff...,time=0
info|2021-01-26 11:03:22.076463|[g:1][CONSENSUS][PBFT]checkTimeout Succ,view=671,toView=672,nodeIdx=1,changeCycle=1,myNode=a4a06f35...,timecost=0.225
info|2021-01-26 11:03:22.077212|[g:1][CONSENSUS][PBFT]checkAndChangeView: Reach consensus,org_view=671,cur_changeCycle=1,curView=671,view=672
info|2021-01-26 11:03:22.493325|[P2P][Service] heartBeat,connected count=3
info|2021-01-26 11:03:23.088726|[g:1][CONSENSUS]addRawPrepare,height=1,reqIdx=0,hash=a4c9bbb2...,time=0
info|2021-01-26 11:03:23.088997|[g:1][CONSENSUS][PBFT]checkTimeout Succ,view=672,toView=673,nodeIdx=1,changeCycle=1,myNode=a4a06f35...,timecost=0.232
info|2021-01-26 11:03:23.090099|[g:1][CONSENSUS][PBFT]checkAndChangeView: Reach consensus,org_view=672,cur_changeCycle=1,curView=672,view=673
info|2021-01-26 11:03:24.101907|[g:1][CONSENSUS][SEALER]++++++++++++++++ Generating seal on,blkNum=1,tx=0,nodeIdx=1,hash=270854bd...
info|2021-01-26 11:03:24.103933|[g:1][CONSENSUS][PBFT]checkTimeout Succ,view=673,toView=674,nodeIdx=1,changeCycle=1,myNode=a4a06f35...,timecost=0.172
info|2021-01-26 11:03:24.104281|[g:1][CONSENSUS][PBFT]checkAndChangeView: Reach consensus,org_view=673,cur_changeCycle=1,curView=673,view=674
info|2021-01-26 11:03:25.106729|[g:1][CONSENSUS]addRawPrepare,height=1,reqIdx=2,hash=b17ebd33...,time=0
info|2021-01-26 11:03:25.107070|[g:1][CONSENSUS][PBFT]checkTimeout Succ,view=674,toView=675,nodeIdx=1,changeCycle=1,myNode=a4a06f35...,timecost=0.299
info|2021-01-26 11:03:25.108016|[g:1][CONSENSUS][PBFT]checkAndChangeView: Reach consensus,org_view=674,cur_changeCycle=1,curView=674,view=675
info|2021-01-26 11:03:26.116775|[g:1][CONSENSUS]addRawPrepare,height=1,reqIdx=3,hash=f039aab9...,time=0
info|2021-01-26 11:03:26.117039|[g:1][CONSENSUS][PBFT]checkTimeout Succ,view=675,toView=676,nodeIdx=1,changeCycle=1,myNode=a4a06f35...,timecost=0.226
info|2021-01-26 11:03:26.117784|[g:1][CONSENSUS][PBFT]checkAndChangeView: Reach consensus,org_view=675,cur_changeCycle=1,curView=675,view=676
info|2021-01-26 11:03:27.125465|[g:1][CONSENSUS]addRawPrepare,height=1,reqIdx=0,hash=685aea3d...,time=0
info|2021-01-26 11:03:27.125784|[g:1][CONSENSUS][PBFT]checkTimeout Succ,view=676,toView=677,nodeIdx=1,changeCycle=1,myNode=a4a06f35...,timecost=0.283
info|2021-01-26 11:03:27.126409|[g:1][CONSENSUS][PBFT]checkAndChangeView: Reach consensus,org_view=676,cur_changeCycle=1,curView=676,view=677
info|2021-01-26 11:03:28.129016|[g:1][CONSENSUS][SEALER]++++++++++++++++ Generating seal on,blkNum=1,tx=0,nodeIdx=1,hash=4ab80d84...
info|2021-01-26 11:03:28.131080|[g:1][CONSENSUS][PBFT]checkTimeout Succ,view=677,toView=678,nodeIdx=1,changeCycle=1,myNode=a4a06f35...,timecost=0.191
info|2021-01-26 11:03:28.131449|[g:1][CONSENSUS][PBFT]checkAndChangeView: Reach consensus,org_view=677,cur_changeCycle=1,curView=677,view=678
info|2021-01-26 11:03:29.133331|[g:1][CONSENSUS]addRawPrepare,height=1,reqIdx=2,hash=5c759455...,time=0
info|2021-01-26 11:03:29.133598|[g:1][CONSENSUS][PBFT]checkTimeout Succ,view=678,toView=679,nodeIdx=1,changeCycle=1,myNode=a4a06f35...,timecost=0.233
info|2021-01-26 11:03:29.134214|[g:1][CONSENSUS][PBFT]checkAndChangeView: Reach consensus,org_view=678,cur_changeCycle=1,curView=678,view=679
info|2021-01-26 11:03:30.144618|[g:1][CONSENSUS]addRawPrepare,height=1,reqIdx=3,hash=6b5775fa...,time=0
info|2021-01-26 11:03:30.144896|[g:1][CONSENSUS][PBFT]checkTimeout Succ,view=679,toView=680,nodeIdx=1,changeCycle=1,myNode=a4a06f35...,timecost=0.24
info|2021-01-26 11:03:30.145790|[g:1][CONSENSUS][PBFT]checkAndChangeView: Reach consensus,org_view=679,cur_changeCycle=1,curView=679,view=680
info|2021-01-26 11:03:30.752373|[NETWORK][Host]P2P Recv Connect, From=127.0.0.1:49983
info|2021-01-26 11:03:30.752443|[NETWORK][Host]P2P StartAccept,Host=0.0.0.0:30302
info|2021-01-26 11:03:30.764269|[NETWORK][Host]handshakeServer succ,remote endpoint=127.0.0.1:49983
info|2021-01-26 11:03:30.764317|[NETWORK][Host]startPeerSession, Remote=127.0.0.1:49983,local endpoint=127.0.0.1:30302,nodeID=524bcf2e...
info|2021-01-26 11:03:30.764371|[P2P][Service] Connection established,nodeID=524bcf2e...,endpoint=127.0.0.1:49983
info|2021-01-26 11:03:31.003885|[g:1][NodeTimeMaintenance]updateTimeInfo: update median time offset,updatedMedianTimeOffset=0,peer=524bcf2e...,peerTime=1611630211003,peerOffset=0,utcTime=1611630211003
info|2021-01-26 11:03:31.151633|[g:1][CONSENSUS]addRawPrepare,height=1,reqIdx=0,hash=49caaefa...,time=0
info|2021-01-26 11:03:31.151964|[g:1][CONSENSUS][PBFT]checkTimeout Succ,view=680,toView=681,nodeIdx=1,changeCycle=1,myNode=a4a06f35...,timecost=0.288
info|2021-01-26 11:03:31.152823|[g:1][CONSENSUS][PBFT]checkAndChangeView: Reach consensus,org_view=680,cur_changeCycle=1,curView=680,view=681
info|2021-01-26 11:03:32.162094|[g:1][CONSENSUS][SEALER]++++++++++++++++ Generating seal on,blkNum=1,tx=0,nodeIdx=1,hash=f20dccb0...
info|2021-01-26 11:03:32.162524|[g:1][CONSENSUS][PBFT]checkTimeout Succ,view=681,toView=682,nodeIdx=1,changeCycle=1,myNode=a4a06f35...,timecost=0.175
info|2021-01-26 11:03:32.163898|[g:1][CONSENSUS][PBFT]checkAndChangeView: Reach consensus,org_view=681,cur_changeCycle=1,curView=681,view=682
info|2021-01-26 11:03:32.494286|[P2P][Service] heartBeat,connected count=4
info|2021-01-26 11:03:33.167294|[g:1][CONSENSUS]addRawPrepare,height=1,reqIdx=2,hash=03faed15...,time=0
info|2021-01-26 11:03:33.167568|[g:1][CONSENSUS][PBFT]checkTimeout Succ,view=682,toView=683,nodeIdx=1,changeCycle=1,myNode=a4a06f35...,timecost=0.237
info|2021-01-26 11:03:33.168644|[g:1][CONSENSUS][PBFT]checkAndChangeView: Reach consensus,org_view=682,cur_changeCycle=1,curView=682,view=683
info|2021-01-26 11:03:34.177206|[g:1][CONSENSUS]addRawPrepare,height=1,reqIdx=3,hash=041867a1...,time=0
info|2021-01-26 11:03:34.177464|[g:1][CONSENSUS][PBFT]checkTimeout Succ,view=683,toView=684,nodeIdx=1,changeCycle=1,myNode=a4a06f35...,timecost=0.225
info|2021-01-26 11:03:34.178293|[g:1][CONSENSUS][PBFT]checkAndChangeView: Reach consensus,org_view=683,cur_changeCycle=1,curView=683,view=684
info|2021-01-26 11:03:35.182643|[g:1][CONSENSUS]addRawPrepare,height=1,reqIdx=0,hash=fa78e571...,time=0
info|2021-01-26 11:03:35.183001|[g:1][CONSENSUS][PBFT]checkTimeout Succ,view=684,toView=685,nodeIdx=1,changeCycle=1,myNode=a4a06f35...,timecost=0.325
info|2021-01-26 11:03:35.183643|[g:1][CONSENSUS][PBFT]checkAndChangeView: Reach consensus,org_view=684,cur_changeCycle=1,curView=684,view=685
info|2021-01-26 11:03:36.195056|[g:1][CONSENSUS][SEALER]++++++++++++++++ Generating seal on,blkNum=1,tx=0,nodeIdx=1,hash=85e384b5...
info|2021-01-26 11:03:36.195409|[g:1][CONSENSUS][PBFT]checkTimeout Succ,view=685,toView=686,nodeIdx=1,changeCycle=1,myNode=a4a06f35...,timecost=0.165
info|2021-01-26 11:03:36.197027|[g:1][CONSENSUS][PBFT]checkAndChangeView: Reach consensus,org_view=685,cur_changeCycle=1,curView=685,view=686
info|2021-01-26 11:03:37.200644|[g:1][CONSENSUS]addRawPrepare,height=1,reqIdx=2,hash=c34008e6...,time=0
info|2021-01-26 11:03:37.200903|[g:1][CONSENSUS][PBFT]checkTimeout Succ,view=686,toView=687,nodeIdx=1,changeCycle=1,myNode=a4a06f35...,timecost=0.23
info|2021-01-26 11:03:37.201589|[g:1][CONSENSUS][PBFT]checkAndChangeView: Reach consensus,org_view=686,cur_changeCycle=1,curView=686,view=687
info|2021-01-26 11:03:37.706393|[LEDGER]stop sealer,groupID=1
info|2021-01-26 11:03:37.706404|[CONSENSUS][SEALER]Stop sealer module...
info|2021-01-26 11:03:37.725721|[CONSENSUS][ConsensusEngine][Stop ConsensusEngineBase]
info|2021-01-26 11:03:37.742150|[CONSENSUS][ConsensusEngine]ConsensusEngineBase stopped
info|2021-01-26 11:03:37.742169|[LEDGER]sealer stopped. stop sync,groupID=1
info|2021-01-26 11:03:37.742730|[g:1] [SYNC][id:a4a06f35...]SyncMsgEngine stopped
info|2021-01-26 11:03:37.805412|[GossipBlockStatus]stop GossipBlockStatus succ
info|2021-01-26 11:03:38.643770|[SYNC][id:a4a06f35...][g:1]SyncMaster stopped
info|2021-01-26 11:03:38.643805|[LEDGER]sync stopped. stop event filter manager,groupID=1
info|2021-01-26 11:03:38.712683|[EVENT][EventLogFilterManager]stop
info|2021-01-26 11:03:38.712705|[LEDGER]event filter manager stopped. stop tx pool,groupID=1
info|2021-01-26 11:03:38.713059|[LEDGER]removeNetworkStatHandlerByGroupID and removeGroupBandwidthLimiter for service,groupID=1
info|2021-01-26 11:03:38.713081|[CHANNEL]removeSDKAllowListByGroupId,groupId=1
info|2021-01-26 11:03:38.713085|[INITIALIZER]ledgerInitializer stopped
warning|2021-01-26 11:03:38.713181|[CHANNEL]Accept failed,message=Operation canceled
info|2021-01-26 11:03:39.714265|[INITIALIZER]ChannelRPCHttpServer deleted.
info|2021-01-26 11:03:39.714727|[INITIALIZER]JsonrpcHttpServer deleted.
info|2021-01-26 11:03:39.714740|[INITIALIZER]RPCInitializer stopped
info|2021-01-26 11:03:39.714821|[NETWORK][Host]Host exit
info|2021-01-26 11:03:39.715231|[INITIALIZER]P2PInitializer stopped
info|2021-01-26 11:03:39.715249|[LEDGER]stop sealer,groupID=1
info|2021-01-26 11:03:39.715254|[LEDGER]sealer stopped. stop sync,groupID=1
info|2021-01-26 11:03:39.715260|[g:1] [SYNC][id:a4a06f35...]SyncMsgEngine stopped
info|2021-01-26 11:03:39.715266|[GossipBlockStatus]GossipBlockStatus already stopped
info|2021-01-26 11:03:39.715270|[SYNC][id:a4a06f35...][g:1]SyncMaster stopped
info|2021-01-26 11:03:39.715273|[LEDGER]sync stopped. stop event filter manager,groupID=1
info|2021-01-26 11:03:39.715276|[LEDGER]event filter manager stopped. stop tx pool,groupID=1
info|2021-01-26 11:03:39.715279|[LEDGER]removeNetworkStatHandlerByGroupID and removeGroupBandwidthLimiter for service,groupID=1
info|2021-01-26 11:03:39.715288|[STORAGE]Stopping flushStorage thread
info|2021-01-26 11:03:40.452047|[STORAGE]flushStorage thread stopped.
info|2021-01-26 11:03:40.452062|[DBINITIALIZER] storage stopped
info|2021-01-26 11:03:40.453478|[g:1] [SYNC][id:a4a06f35...]SyncMsgEngine stopped
info|2021-01-26 11:03:40.453491|[GossipBlockStatus]GossipBlockStatus already stopped
info|2021-01-26 11:03:40.453494|[SYNC][id:a4a06f35...][g:1]SyncMaster stopped
info|2021-01-26 11:03:40.453511|[g:1] [SYNC][id:a4a06f35...]SyncMsgEngine stopped
